Using pre-set license
Built from '2021.3/staging' branch; Version is '2021.3.0f1 (6eacc8284459) revision 7253192'; Using compiler version '192829333'; Build Type 'Release'
OS: 'Windows 10  (10.0.19044) 64bit Core' Language: 'en' Physical Memory: 16325 MB
BatchMode: 1, IsHumanControllingUs: 0, StartBugReporterOnCrash: 0, Is64bit: 1, IsPro: 1

COMMAND LINE ARGUMENTS:
D:\Program Files\Unity\2021.3.0f1\Editor\Unity.exe
-adb2
-batchMode
-noUpm
-name
AssetImportWorker4
-projectPath
D:/Game Projects/Unity Projects/Terrorist-Vs-Military
-logFile
Logs/AssetImportWorker4.log
-srvPort
52785
Successfully changed project path to: D:/Game Projects/Unity Projects/Terrorist-Vs-Military
D:/Game Projects/Unity Projects/Terrorist-Vs-Military
[UnityMemory] Configuration Parameters - Can be set up in boot.config
    "memorysetup-bucket-allocator-granularity=16"
    "memorysetup-bucket-allocator-bucket-count=8"
    "memorysetup-bucket-allocator-block-size=33554432"
    "memorysetup-bucket-allocator-block-count=8"
    "memorysetup-main-allocator-block-size=16777216"
    "memorysetup-thread-allocator-block-size=16777216"
    "memorysetup-gfx-main-allocator-block-size=16777216"
    "memorysetup-gfx-thread-allocator-block-size=16777216"
    "memorysetup-cache-allocator-block-size=4194304"
    "memorysetup-typetree-allocator-block-size=2097152"
    "memorysetup-profiler-bucket-allocator-granularity=16"
    "memorysetup-profiler-bucket-allocator-bucket-count=8"
    "memorysetup-profiler-bucket-allocator-block-size=33554432"
    "memorysetup-profiler-bucket-allocator-block-count=8"
    "memorysetup-profiler-allocator-block-size=16777216"
    "memorysetup-profiler-editor-allocator-block-size=1048576"
    "memorysetup-temp-allocator-size-main=16777216"
    "memorysetup-job-temp-allocator-block-size=2097152"
    "memorysetup-job-temp-allocator-block-size-background=1048576"
    "memorysetup-job-temp-allocator-reduction-small-platforms=262144"
    "memorysetup-temp-allocator-size-background-worker=32768"
    "memorysetup-temp-allocator-size-job-worker=262144"
    "memorysetup-temp-allocator-size-preload-manager=33554432"
    "memorysetup-temp-allocator-size-nav-mesh-worker=65536"
    "memorysetup-temp-allocator-size-audio-worker=65536"
    "memorysetup-temp-allocator-size-cloud-worker=32768"
    "memorysetup-temp-allocator-size-gi-baking-worker=262144"
    "memorysetup-temp-allocator-size-gfx=262144"
Refreshing native plugins compatible for Editor in 385.77 ms, found 2 plugins.
Preloading 0 native plugins for Editor in 0.00 ms.
Initialize engine version: 2021.3.0f1 (6eacc8284459)
[Subsystems] Discovering subsystems at path D:/Program Files/Unity/2021.3.0f1/Editor/Data/Resources/UnitySubsystems
[Subsystems] Discovering subsystems at path D:/Game Projects/Unity Projects/Terrorist-Vs-Military/Assets
GfxDevice: creating device client; threaded=0; jobified=0
Direct3D:
    Version:  Direct3D 11.0 [level 11.1]
    Renderer: NVIDIA GeForce GTX 1070 Ti (ID=0x1b82)
    Vendor:   NVIDIA
    VRAM:     8079 MB
    Driver:   31.0.15.1640
Initialize mono
Mono path[0] = 'D:/Program Files/Unity/2021.3.0f1/Editor/Data/Managed'
Mono path[1] = 'D:/Program Files/Unity/2021.3.0f1/Editor/Data/MonoBleedingEdge/lib/mono/unityjit-win32'
Mono config path = 'D:/Program Files/Unity/2021.3.0f1/Editor/Data/MonoBleedingEdge/etc'
Using monoOptions --debugger-agent=transport=dt_socket,embedding=1,server=y,suspend=n,address=127.0.0.1:56596
Begin MonoManager ReloadAssembly
Registering precompiled unity dll's ...
Register platform support module: D:/Program Files/Unity/2021.3.0f1/Editor/Data/PlaybackEngines/WindowsStandaloneSupport/UnityEditor.WindowsStandalone.Extensions.dll
Registered in 0.034834 seconds.
Native extension for WindowsStandalone target not found
Refreshing native plugins compatible for Editor in 77.24 ms, found 2 plugins.
Preloading 0 native plugins for Editor in 0.00 ms.
Mono: successfully reloaded assembly
- Completed reload, in  1.704 seconds
Domain Reload Profiling:
	ReloadAssembly (1705ms)
		BeginReloadAssembly (753ms)
			ExecutionOrderSort (0ms)
			DisableScriptedObjects (0ms)
			BackupInstance (0ms)
			ReleaseScriptingObjects (0ms)
			CreateAndSetChildDomain (1ms)
		EndReloadAssembly (740ms)
			LoadAssemblies (750ms)
			RebuildTransferFunctionScriptingTraits (0ms)
			SetupTypeCache (153ms)
			ReleaseScriptCaches (0ms)
			RebuildScriptCaches (36ms)
			SetupLoadedEditorAssemblies (463ms)
				LogAssemblyErrors (0ms)
				InitializePlatformSupportModulesInManaged (11ms)
				SetLoadedEditorAssemblies (0ms)
				RefreshPlugins (77ms)
				BeforeProcessingInitializeOnLoad (2ms)
				ProcessInitializeOnLoadAttributes (231ms)
				ProcessInitializeOnLoadMethodAttributes (141ms)
				AfterProcessingInitializeOnLoad (0ms)
				EditorAssembliesLoaded (0ms)
			ExecutionOrderSort2 (0ms)
			AwakeInstancesAfterBackupRestoration (0ms)
Platform modules already initialized, skipping
Registering precompiled user dll's ...
Registered in 0.105276 seconds.
Begin MonoManager ReloadAssembly
Symbol file LoadedFromMemory is not a mono symbol file
Native extension for WindowsStandalone target not found
Refreshing native plugins compatible for Editor in 0.68 ms, found 2 plugins.
Preloading 0 native plugins for Editor in 0.00 ms.
Package Manager log level set to [2]
Mono: successfully reloaded assembly
- Completed reload, in  1.650 seconds
Domain Reload Profiling:
	ReloadAssembly (1651ms)
		BeginReloadAssembly (175ms)
			ExecutionOrderSort (0ms)
			DisableScriptedObjects (7ms)
			BackupInstance (0ms)
			ReleaseScriptingObjects (0ms)
			CreateAndSetChildDomain (21ms)
		EndReloadAssembly (1278ms)
			LoadAssemblies (540ms)
			RebuildTransferFunctionScriptingTraits (0ms)
			SetupTypeCache (180ms)
			ReleaseScriptCaches (0ms)
			RebuildScriptCaches (44ms)
			SetupLoadedEditorAssemblies (518ms)
				LogAssemblyErrors (0ms)
				InitializePlatformSupportModulesInManaged (7ms)
				SetLoadedEditorAssemblies (0ms)
				RefreshPlugins (1ms)
				BeforeProcessingInitializeOnLoad (83ms)
				ProcessInitializeOnLoadAttributes (241ms)
				ProcessInitializeOnLoadMethodAttributes (173ms)
				AfterProcessingInitializeOnLoad (13ms)
				EditorAssembliesLoaded (0ms)
			ExecutionOrderSort2 (0ms)
			AwakeInstancesAfterBackupRestoration (5ms)
Platform modules already initialized, skipping
========================================================================
Worker process is ready to serve import requests
Launched and connected shader compiler UnityShaderCompiler.exe after 0.17 seconds
Refreshing native plugins compatible for Editor in 0.53 ms, found 2 plugins.
Preloading 0 native plugins for Editor in 0.00 ms.
Unloading 2242 Unused Serialized files (Serialized files now loaded: 0)
Unloading 55 unused Assets / (57.3 KB). Loaded Objects now: 2707.
Memory consumption went from 101.5 MB to 101.4 MB.
Total: 5.517500 ms (FindLiveObjects: 0.166900 ms CreateObjectMapping: 0.097300 ms MarkObjects: 5.184000 ms  DeleteObjects: 0.068400 ms)

AssetImportParameters requested are different than current active one (requested -> active):
  custom:video-decoder-ogg-theora: a1e56fd34408186e4bbccfd4996cb3dc -> 
  custom:container-muxer-webm: aa71ff27fc2769a1b78a27578f13a17b -> 
  custom:container-demuxer-webm: 4f35f7cbe854078d1ac9338744f61a02 -> 
  custom:video-encoder-webm-vp8: eb34c28f22e8b96e1ab97ce403110664 -> 
  custom:audio-encoder-webm-vorbis: bf7c407c2cedff20999df2af8eb42d56 -> 
  custom:framework-win-MediaFoundation: 216162199b28c13a410421893ffa2e32 -> 
  custom:container-demuxer-ogg: 62fdf1f143b41e24485cea50d1cbac27 -> 
  custom:video-decoder-webm-vp8: 9c59270c3fd7afecdb556c50c9e8de78 -> 
  custom:audio-decoder-ogg-vorbis: bf7c407c2cedff20999df2af8eb42d56 -> 
========================================================================
Received Import Request.
  Time since last request: 328113.646479 seconds.
  path: Assets/Materials/Mountains.mat
  artifactKey: Guid(d38a8d5654bb9804399a16ae82bc8d29) Importer(815301076,1909f56bfc062723c751e8b465ee728b)
Start importing Assets/Materials/Mountains.mat using Guid(d38a8d5654bb9804399a16ae82bc8d29) Importer(815301076,1909f56bfc062723c751e8b465ee728b)  -> (artifact id: '684fdb8a14d8c371c948e32b848870aa') in 0.217885 seconds 
========================================================================
Received Import Request.
  Time since last request: 15.164018 seconds.
  path: Assets/SimpleMilitary/Textures/Apartment_Damaged_a.png
  artifactKey: Guid(7b6484d840a0ab145be5fa45c8ee0e8c) Importer(815301076,1909f56bfc062723c751e8b465ee728b)
Start importing Assets/SimpleMilitary/Textures/Apartment_Damaged_a.png using Guid(7b6484d840a0ab145be5fa45c8ee0e8c) Importer(815301076,1909f56bfc062723c751e8b465ee728b)  -> (artifact id: 'e971824cea2a5686b6f581faefab0a76') in 0.138226 seconds 
========================================================================
Received Import Request.
  Time since last request: 0.000015 seconds.
  path: Assets/SimpleMilitary/Textures/Apc_01_c.png
  artifactKey: Guid(812d25a759b00ca46947aa8514918de3) Importer(815301076,1909f56bfc062723c751e8b465ee728b)
Start importing Assets/SimpleMilitary/Textures/Apc_01_c.png using Guid(812d25a759b00ca46947aa8514918de3) Importer(815301076,1909f56bfc062723c751e8b465ee728b)  -> (artifact id: '3ebb89816885f8a9baeb3c87dae446eb') in 0.112139 seconds 
========================================================================
Received Import Request.
  Time since last request: 8.498568 seconds.
  path: Assets/SimpleMilitary/Textures/Armor_Car_c.png
  artifactKey: Guid(8b172c1628b9fd846bcb1bc8b0bfec0b) Importer(815301076,1909f56bfc062723c751e8b465ee728b)
Start importing Assets/SimpleMilitary/Textures/Armor_Car_c.png using Guid(8b172c1628b9fd846bcb1bc8b0bfec0b) Importer(815301076,1909f56bfc062723c751e8b465ee728b)  -> (artifact id: '61475e19988dccfd024bf83e0f8a0e16') in 0.137520 seconds 
========================================================================
Received Import Request.
  Time since last request: 0.907889 seconds.
  path: Assets/SimpleMilitary/Textures/Road.png
  artifactKey: Guid(c6a3fc21040236f41bb8f4be699caeaa) Importer(815301076,1909f56bfc062723c751e8b465ee728b)
Start importing Assets/SimpleMilitary/Textures/Road.png using Guid(c6a3fc21040236f41bb8f4be699caeaa) Importer(815301076,1909f56bfc062723c751e8b465ee728b)  -> (artifact id: '3fcb3edd2b81d1f0509b6b43bc03fbaf') in 0.096491 seconds 
========================================================================
Received Import Request.
  Time since last request: 8.775100 seconds.
  path: Assets/Standard Assets/Characters/RollerBall/Textures/RollerBallAlbedo.png
  artifactKey: Guid(4b42c70f54fe4f24d84cdc651f46c005) Importer(815301076,1909f56bfc062723c751e8b465ee728b)
Start importing Assets/Standard Assets/Characters/RollerBall/Textures/RollerBallAlbedo.png using Guid(4b42c70f54fe4f24d84cdc651f46c005) Importer(815301076,1909f56bfc062723c751e8b465ee728b)  -> (artifact id: '48115331522aa6dc3f2c8262add59635') in 0.121996 seconds 
========================================================================
Received Import Request.
  Time since last request: 0.000018 seconds.
  path: Assets/SimpleMilitary/Textures/Shop_Damaged_c.png
  artifactKey: Guid(eec6518f770156f4b91d688b6317d991) Importer(815301076,1909f56bfc062723c751e8b465ee728b)
Start importing Assets/SimpleMilitary/Textures/Shop_Damaged_c.png using Guid(eec6518f770156f4b91d688b6317d991) Importer(815301076,1909f56bfc062723c751e8b465ee728b)  -> (artifact id: '94c78fe5d203e5cd8d19c91e6e129c80') in 0.111977 seconds 
========================================================================
Received Import Request.
  Time since last request: 6.993932 seconds.
  path: Assets/SimpleMilitary/Textures/Army_Truck_c.png
  artifactKey: Guid(fb3740e00bc69f6419b254fd26b66648) Importer(815301076,1909f56bfc062723c751e8b465ee728b)
Start importing Assets/SimpleMilitary/Textures/Army_Truck_c.png using Guid(fb3740e00bc69f6419b254fd26b66648) Importer(815301076,1909f56bfc062723c751e8b465ee728b)  -> (artifact id: '86a0b43fd66fda9c264707087366c15a') in 0.145245 seconds 
========================================================================
Received Import Request.
  Time since last request: 0.000014 seconds.
  path: Assets/SimpleMilitary/Textures/Palm_Tree.png
  artifactKey: Guid(3e496c352fa212f4e830997afba96ecb) Importer(815301076,1909f56bfc062723c751e8b465ee728b)
Start importing Assets/SimpleMilitary/Textures/Palm_Tree.png using Guid(3e496c352fa212f4e830997afba96ecb) Importer(815301076,1909f56bfc062723c751e8b465ee728b)  -> (artifact id: '81b51861e5574ee0b6a3dc1c9ddd662d') in 0.142806 seconds 
========================================================================
Received Import Request.
  Time since last request: 0.000033 seconds.
  path: Assets/SimpleMilitary/Textures/SimpleMilitary_GermanSoldier_Black.png
  artifactKey: Guid(d5dedd012b493f14abfb71e2ba119cc2) Importer(815301076,1909f56bfc062723c751e8b465ee728b)
Start importing Assets/SimpleMilitary/Textures/SimpleMilitary_GermanSoldier_Black.png using Guid(d5dedd012b493f14abfb71e2ba119cc2) Importer(815301076,1909f56bfc062723c751e8b465ee728b)  -> (artifact id: '443549e38e60a2322f6cf9e7201b5c22') in 0.078344 seconds 
========================================================================
Received Import Request.
  Time since last request: 0.000015 seconds.
  path: Assets/SimpleMilitary/Textures/Barracks_a.png
  artifactKey: Guid(11a062c7755b4d04d950d0e63d9ca99f) Importer(815301076,1909f56bfc062723c751e8b465ee728b)
Start importing Assets/SimpleMilitary/Textures/Barracks_a.png using Guid(11a062c7755b4d04d950d0e63d9ca99f) Importer(815301076,1909f56bfc062723c751e8b465ee728b)  -> (artifact id: 'dc12f1e555bb6e67e6cfe9a4f0a288fd') in 0.108758 seconds 
========================================================================
Received Import Request.
  Time since last request: 0.000014 seconds.
  path: Assets/SimpleMilitary/Textures/Fuel_Tank.png
  artifactKey: Guid(1a0b561f3af393d4395d7e4798bb0625) Importer(815301076,1909f56bfc062723c751e8b465ee728b)
Start importing Assets/SimpleMilitary/Textures/Fuel_Tank.png using Guid(1a0b561f3af393d4395d7e4798bb0625) Importer(815301076,1909f56bfc062723c751e8b465ee728b)  -> (artifact id: '1ffee5196c27373b1a1d71224bf57f3c') in 0.116682 seconds 
========================================================================
Received Import Request.
  Time since last request: 0.000018 seconds.
  path: Assets/SimpleMilitary/Textures/SimpleMilitary_SpecialForces_02_Brown.png
  artifactKey: Guid(b6665a293efcac34686124769fc47b38) Importer(815301076,1909f56bfc062723c751e8b465ee728b)
Start importing Assets/SimpleMilitary/Textures/SimpleMilitary_SpecialForces_02_Brown.png using Guid(b6665a293efcac34686124769fc47b38) Importer(815301076,1909f56bfc062723c751e8b465ee728b)  -> (artifact id: '81fece7c8b738148b2169c91d5f9d715') in 0.086917 seconds 
========================================================================
Received Import Request.
  Time since last request: 0.000015 seconds.
  path: Assets/SimpleMilitary/Textures/SimpleMilitary_Mercenary_Brown.png
  artifactKey: Guid(e5143bfeb86e7b440a85c4fa069c91f7) Importer(815301076,1909f56bfc062723c751e8b465ee728b)
Start importing Assets/SimpleMilitary/Textures/SimpleMilitary_Mercenary_Brown.png using Guid(e5143bfeb86e7b440a85c4fa069c91f7) Importer(815301076,1909f56bfc062723c751e8b465ee728b)  -> (artifact id: 'e39d74c42243f89f3961e7e55daa0b21') in 0.127771 seconds 
========================================================================
Received Import Request.
  Time since last request: 0.000015 seconds.
  path: Assets/SimpleMilitary/Textures/Brown_Rocks.png
  artifactKey: Guid(d6f08932fc299574e85825a0639111d3) Importer(815301076,1909f56bfc062723c751e8b465ee728b)
Start importing Assets/SimpleMilitary/Textures/Brown_Rocks.png using Guid(d6f08932fc299574e85825a0639111d3) Importer(815301076,1909f56bfc062723c751e8b465ee728b)  -> (artifact id: '03ba0709ad648f88d023502a00f396d9') in 0.093622 seconds 
========================================================================
Received Import Request.
  Time since last request: 0.000021 seconds.
  path: Assets/SimpleMilitary/Textures/Barracks_b.png
  artifactKey: Guid(d51279d7307d3794e875e722fbf48af0) Importer(815301076,1909f56bfc062723c751e8b465ee728b)
Start importing Assets/SimpleMilitary/Textures/Barracks_b.png using Guid(d51279d7307d3794e875e722fbf48af0) Importer(815301076,1909f56bfc062723c751e8b465ee728b)  -> (artifact id: '1dd6d08f0cb29bcea0d123f33eb29e4f') in 0.149569 seconds 
========================================================================
Received Import Request.
  Time since last request: 0.000012 seconds.
  path: Assets/SimpleMilitary/Textures/SimpleMilitary_GasMask_Black.png
  artifactKey: Guid(4ddf75324cf82f143b874a46af55c796) Importer(815301076,1909f56bfc062723c751e8b465ee728b)
Start importing Assets/SimpleMilitary/Textures/SimpleMilitary_GasMask_Black.png using Guid(4ddf75324cf82f143b874a46af55c796) Importer(815301076,1909f56bfc062723c751e8b465ee728b)  -> (artifact id: 'b0d63a48d812382a28bf41557c63fb23') in 0.131131 seconds 
========================================================================
Received Import Request.
  Time since last request: 0.000029 seconds.
  path: Assets/SimpleMilitary/Textures/SimpleMilitary_Mercenary_Black.png
  artifactKey: Guid(e2cef26df62b611449e0c82e7c934be2) Importer(815301076,1909f56bfc062723c751e8b465ee728b)
Start importing Assets/SimpleMilitary/Textures/SimpleMilitary_Mercenary_Black.png using Guid(e2cef26df62b611449e0c82e7c934be2) Importer(815301076,1909f56bfc062723c751e8b465ee728b)  -> (artifact id: '6046fd1771d35279150e053cd45cd9ea') in 0.065422 seconds 
========================================================================
Received Import Request.
  Time since last request: 0.000034 seconds.
  path: Assets/SimpleMilitary/Textures/Fortification.png
  artifactKey: Guid(ca51918c6e238cd4f854685f65b137de) Importer(815301076,1909f56bfc062723c751e8b465ee728b)
Start importing Assets/SimpleMilitary/Textures/Fortification.png using Guid(ca51918c6e238cd4f854685f65b137de) Importer(815301076,1909f56bfc062723c751e8b465ee728b)  -> (artifact id: '3b2133341239081bce4c96ed9ed06b09') in 0.089959 seconds 
========================================================================
Received Import Request.
  Time since last request: 0.000013 seconds.
  path: Assets/SimpleMilitary/Textures/SimpleMilitary_Medic_Black.png
  artifactKey: Guid(4adca712864ca7f4e8ed5a5f88dd2609) Importer(815301076,1909f56bfc062723c751e8b465ee728b)
Start importing Assets/SimpleMilitary/Textures/SimpleMilitary_Medic_Black.png using Guid(4adca712864ca7f4e8ed5a5f88dd2609) Importer(815301076,1909f56bfc062723c751e8b465ee728b)  -> (artifact id: '2458c615a15ed0203403c41d78f8f5d1') in 0.119989 seconds 
========================================================================
Received Import Request.
  Time since last request: 0.000018 seconds.
  path: Assets/SimpleMilitary/Textures/Office_Damaged_a.png
  artifactKey: Guid(4df63f7e18ce0a04aad6a20eaea018a0) Importer(815301076,1909f56bfc062723c751e8b465ee728b)
Start importing Assets/SimpleMilitary/Textures/Office_Damaged_a.png using Guid(4df63f7e18ce0a04aad6a20eaea018a0) Importer(815301076,1909f56bfc062723c751e8b465ee728b)  -> (artifact id: '4ae9676e71b329aedc42368dee9a06b9') in 0.107021 seconds 
========================================================================
Received Import Request.
  Time since last request: 0.000020 seconds.
  path: Assets/SimpleMilitary/Textures/Attack_Heli_c.png
  artifactKey: Guid(0e81b92eae2982740ad1c01230682479) Importer(815301076,1909f56bfc062723c751e8b465ee728b)
Start importing Assets/SimpleMilitary/Textures/Attack_Heli_c.png using Guid(0e81b92eae2982740ad1c01230682479) Importer(815301076,1909f56bfc062723c751e8b465ee728b)  -> (artifact id: '7bd3eec1c153c0c38fa23545e80b4978') in 0.126656 seconds 
========================================================================
Received Import Request.
  Time since last request: 0.000015 seconds.
  path: Assets/SimpleMilitary/Textures/SimpleMilitary_Medic_White.png
  artifactKey: Guid(faabc28a6273a894b8f83f0bffd58bea) Importer(815301076,1909f56bfc062723c751e8b465ee728b)
Start importing Assets/SimpleMilitary/Textures/SimpleMilitary_Medic_White.png using Guid(faabc28a6273a894b8f83f0bffd58bea) Importer(815301076,1909f56bfc062723c751e8b465ee728b)  -> (artifact id: '14da31c73e895fc59001f015c45aeff6') in 0.157235 seconds 
========================================================================
Received Import Request.
  Time since last request: 0.000017 seconds.
  path: Assets/SimpleMilitary/Textures/SimpleMilitary_Mercenary_White.png
  artifactKey: Guid(0e618475e58fc2a4bbc982a2119eb20d) Importer(815301076,1909f56bfc062723c751e8b465ee728b)
Start importing Assets/SimpleMilitary/Textures/SimpleMilitary_Mercenary_White.png using Guid(0e618475e58fc2a4bbc982a2119eb20d) Importer(815301076,1909f56bfc062723c751e8b465ee728b)  -> (artifact id: 'ad4de494a48069d4d3f9cd49a23115dd') in 0.045985 seconds 
========================================================================
Received Import Request.
  Time since last request: 0.000023 seconds.
  path: Assets/SimpleMilitary/Textures/SimpleMilitary_SpecialForces_03_Black.png
  artifactKey: Guid(0d1e1c3562b2fa748a597ee1f079a03b) Importer(815301076,1909f56bfc062723c751e8b465ee728b)
Start importing Assets/SimpleMilitary/Textures/SimpleMilitary_SpecialForces_03_Black.png using Guid(0d1e1c3562b2fa748a597ee1f079a03b) Importer(815301076,1909f56bfc062723c751e8b465ee728b)  -> (artifact id: '828b3300ab65917f835bcff7cddd2805') in 0.108642 seconds 
========================================================================
Received Import Request.
  Time since last request: 0.000014 seconds.
  path: Assets/SimpleMilitary/Textures/SimpleMilitary_Soldier_04_Brown.png
  artifactKey: Guid(f6ef1d1e0100ec14c99ce1fecbd0df3f) Importer(815301076,1909f56bfc062723c751e8b465ee728b)
Start importing Assets/SimpleMilitary/Textures/SimpleMilitary_Soldier_04_Brown.png using Guid(f6ef1d1e0100ec14c99ce1fecbd0df3f) Importer(815301076,1909f56bfc062723c751e8b465ee728b)  -> (artifact id: '10548139f2399b43616bd588a8d7d6a5') in 0.113880 seconds 
========================================================================
Received Import Request.
  Time since last request: 0.000014 seconds.
  path: Assets/SimpleMilitary/Textures/SimpleMilitary_FemaleMedic_Black.png
  artifactKey: Guid(2395c8e5d061d30419d6e67f09e98ecc) Importer(815301076,1909f56bfc062723c751e8b465ee728b)
Start importing Assets/SimpleMilitary/Textures/SimpleMilitary_FemaleMedic_Black.png using Guid(2395c8e5d061d30419d6e67f09e98ecc) Importer(815301076,1909f56bfc062723c751e8b465ee728b)  -> (artifact id: '8b11bbab09829110bf9c482de8ade8dd') in 0.102232 seconds 
========================================================================
Received Import Request.
  Time since last request: 0.000018 seconds.
  path: Assets/SimpleMilitary/Textures/SimpleMilitary_SpecialForces_03_Brown.png
  artifactKey: Guid(4c8194f27d5244041a79f884191090a8) Importer(815301076,1909f56bfc062723c751e8b465ee728b)
Start importing Assets/SimpleMilitary/Textures/SimpleMilitary_SpecialForces_03_Brown.png using Guid(4c8194f27d5244041a79f884191090a8) Importer(815301076,1909f56bfc062723c751e8b465ee728b)  -> (artifact id: 'a3d5916fe50ff8f1f48aa876436003dc') in 0.068410 seconds 
========================================================================
Received Import Request.
  Time since last request: 0.300131 seconds.
  path: Assets/Standard Assets/ParticleSystems/Textures/ParticleFlamesSheet.png
  artifactKey: Guid(4e505ad81f5b19c4cb6f445d36463955) Importer(815301076,1909f56bfc062723c751e8b465ee728b)
Start importing Assets/Standard Assets/ParticleSystems/Textures/ParticleFlamesSheet.png using Guid(4e505ad81f5b19c4cb6f445d36463955) Importer(815301076,1909f56bfc062723c751e8b465ee728b)  -> (artifact id: 'cb354a23ff8e812042303886da6bede3') in 0.100500 seconds 
========================================================================
Received Import Request.
  Time since last request: 0.127144 seconds.
  path: Assets/Standard Assets/ParticleSystems/Textures/ParticleFirecloud.png
  artifactKey: Guid(c3d66a8056f9db345b1ea380aa7e815d) Importer(815301076,1909f56bfc062723c751e8b465ee728b)
Start importing Assets/Standard Assets/ParticleSystems/Textures/ParticleFirecloud.png using Guid(c3d66a8056f9db345b1ea380aa7e815d) Importer(815301076,1909f56bfc062723c751e8b465ee728b)  -> (artifact id: 'd709d22117e0f28c3f2bcbb7f9e9dbe0') in 0.076175 seconds 
========================================================================
Received Import Request.
  Time since last request: 0.000017 seconds.
  path: Assets/Standard Assets/ParticleSystems/Textures/ParticleFireballSheet.png
  artifactKey: Guid(87be4190eae46cf459ae6177b8698f03) Importer(815301076,1909f56bfc062723c751e8b465ee728b)
Start importing Assets/Standard Assets/ParticleSystems/Textures/ParticleFireballSheet.png using Guid(87be4190eae46cf459ae6177b8698f03) Importer(815301076,1909f56bfc062723c751e8b465ee728b)  -> (artifact id: 'c0fd7b85a98bd2b7226a9efd75506a98') in 0.085455 seconds 
========================================================================
Received Import Request.
  Time since last request: 0.186718 seconds.
  path: Packages/com.unity.purchasing/Icons/LinkWhite.png
  artifactKey: Guid(e679a29ca22bc4fa0bd848bd79a42b79) Importer(815301076,1909f56bfc062723c751e8b465ee728b)
Start importing Packages/com.unity.purchasing/Icons/LinkWhite.png using Guid(e679a29ca22bc4fa0bd848bd79a42b79) Importer(815301076,1909f56bfc062723c751e8b465ee728b)  -> (artifact id: 'eafd5d1ec95af85e290136dfcdcb1afc') in 0.072074 seconds 
========================================================================
Received Import Request.
  Time since last request: 0.152010 seconds.
  path: Packages/com.unity.purchasing/Icons/LinkBlack.png
  artifactKey: Guid(33d3dd2c39dfd49a3b2d36b20225624a) Importer(815301076,1909f56bfc062723c751e8b465ee728b)
Start importing Packages/com.unity.purchasing/Icons/LinkBlack.png using Guid(33d3dd2c39dfd49a3b2d36b20225624a) Importer(815301076,1909f56bfc062723c751e8b465ee728b)  -> (artifact id: '1df4afca0bc2d6f3b3afefaaf471a192') in 0.029898 seconds 
========================================================================
Received Import Request.
  Time since last request: 0.025862 seconds.
  path: Assets/Standard Assets/Characters/ThirdPersonCharacter/Textures/EthanNormals.png
  artifactKey: Guid(3b5b7be0f2332c24f89a2af018daa62d) Importer(815301076,1909f56bfc062723c751e8b465ee728b)
Start importing Assets/Standard Assets/Characters/ThirdPersonCharacter/Textures/EthanNormals.png using Guid(3b5b7be0f2332c24f89a2af018daa62d) Importer(815301076,1909f56bfc062723c751e8b465ee728b)  -> (artifact id: 'd519a07144fc56fde53e8e611c9d42a2') in 0.315354 seconds 
========================================================================
Received Import Request.
  Time since last request: 0.000033 seconds.
  path: Assets/Standard Assets/CrossPlatformInput/Sprites/ButtonThumbstickUpSprite.png
  artifactKey: Guid(9866a92691696b346901281f2b329034) Importer(815301076,1909f56bfc062723c751e8b465ee728b)
Start importing Assets/Standard Assets/CrossPlatformInput/Sprites/ButtonThumbstickUpSprite.png using Guid(9866a92691696b346901281f2b329034) Importer(815301076,1909f56bfc062723c751e8b465ee728b)  -> (artifact id: '66d97de0ddc1c7c5be96cb38be32a7c6') in 0.086211 seconds 
========================================================================
Received Import Request.
  Time since last request: 0.336324 seconds.
  path: Assets/Standard Assets/CrossPlatformInput/Sprites/ButtonSpacebarSprite.png
  artifactKey: Guid(3d8675433a508ec47b8f895201eacf20) Importer(815301076,1909f56bfc062723c751e8b465ee728b)
Start importing Assets/Standard Assets/CrossPlatformInput/Sprites/ButtonSpacebarSprite.png using Guid(3d8675433a508ec47b8f895201eacf20) Importer(815301076,1909f56bfc062723c751e8b465ee728b)  -> (artifact id: 'e31ef2d7b3e43fa9c04458744de7a2de') in 0.124789 seconds 
========================================================================
Received Import Request.
  Time since last request: 0.000018 seconds.
  path: Assets/Standard Assets/CrossPlatformInput/Sprites/ButtonArrowUpSprite.png
  artifactKey: Guid(4db017495c69e8140a56a0e2b669e3f8) Importer(815301076,1909f56bfc062723c751e8b465ee728b)
Start importing Assets/Standard Assets/CrossPlatformInput/Sprites/ButtonArrowUpSprite.png using Guid(4db017495c69e8140a56a0e2b669e3f8) Importer(815301076,1909f56bfc062723c751e8b465ee728b)  -> (artifact id: '6f79857a3a4264c0d529a0ec626214ac') in 0.097354 seconds 
========================================================================
Received Import Request.
  Time since last request: 0.000017 seconds.
  path: Assets/Standard Assets/CrossPlatformInput/Sprites/ButtonResetSprite.png
  artifactKey: Guid(a94c9a7eb94ceec4a8d67a1890e22e51) Importer(815301076,1909f56bfc062723c751e8b465ee728b)
Start importing Assets/Standard Assets/CrossPlatformInput/Sprites/ButtonResetSprite.png using Guid(a94c9a7eb94ceec4a8d67a1890e22e51) Importer(815301076,1909f56bfc062723c751e8b465ee728b)  -> (artifact id: '34e897d10814e68f6df5f9b522d94672') in 0.071549 seconds 
========================================================================
Received Prepare
Registering precompiled user dll's ...
Registered in 0.007868 seconds.
Begin MonoManager ReloadAssembly
Symbol file LoadedFromMemory is not a mono symbol file
Native extension for WindowsStandalone target not found
Refreshing native plugins compatible for Editor in 51.30 ms, found 2 plugins.
Preloading 0 native plugins for Editor in 0.00 ms.
Mono: successfully reloaded assembly
- Completed reload, in  1.050 seconds
Domain Reload Profiling:
	ReloadAssembly (1051ms)
		BeginReloadAssembly (144ms)
			ExecutionOrderSort (0ms)
			DisableScriptedObjects (5ms)
			BackupInstance (0ms)
			ReleaseScriptingObjects (0ms)
			CreateAndSetChildDomain (30ms)
		EndReloadAssembly (802ms)
			LoadAssemblies (108ms)
			RebuildTransferFunctionScriptingTraits (0ms)
			SetupTypeCache (153ms)
			ReleaseScriptCaches (1ms)
			RebuildScriptCaches (33ms)
			SetupLoadedEditorAssemblies (488ms)
				LogAssemblyErrors (0ms)
				InitializePlatformSupportModulesInManaged (12ms)
				SetLoadedEditorAssemblies (0ms)
				RefreshPlugins (51ms)
				BeforeProcessingInitializeOnLoad (67ms)
				ProcessInitializeOnLoadAttributes (236ms)
				ProcessInitializeOnLoadMethodAttributes (108ms)
				AfterProcessingInitializeOnLoad (13ms)
				EditorAssembliesLoaded (0ms)
			ExecutionOrderSort2 (0ms)
			AwakeInstancesAfterBackupRestoration (5ms)
Platform modules already initialized, skipping
Refreshing native plugins compatible for Editor in 6.72 ms, found 2 plugins.
Preloading 0 native plugins for Editor in 0.00 ms.
Unloading 2419 Unused Serialized files (Serialized files now loaded: 0)
Unloading 91 unused Assets / (3.8 MB). Loaded Objects now: 2911.
Memory consumption went from 117.7 MB to 114.0 MB.
Total: 6.226000 ms (FindLiveObjects: 0.216100 ms CreateObjectMapping: 0.118800 ms MarkObjects: 4.999100 ms  DeleteObjects: 0.890800 ms)

AssetImportParameters requested are different than current active one (requested -> active):
  custom:video-decoder-ogg-theora: a1e56fd34408186e4bbccfd4996cb3dc -> 
  custom:container-muxer-webm: aa71ff27fc2769a1b78a27578f13a17b -> 
  custom:container-demuxer-webm: 4f35f7cbe854078d1ac9338744f61a02 -> 
  custom:video-encoder-webm-vp8: eb34c28f22e8b96e1ab97ce403110664 -> 
  custom:audio-encoder-webm-vorbis: bf7c407c2cedff20999df2af8eb42d56 -> 
  custom:framework-win-MediaFoundation: 216162199b28c13a410421893ffa2e32 -> 
  custom:container-demuxer-ogg: 62fdf1f143b41e24485cea50d1cbac27 -> 
  custom:video-decoder-webm-vp8: 9c59270c3fd7afecdb556c50c9e8de78 -> 
  custom:audio-decoder-ogg-vorbis: bf7c407c2cedff20999df2af8eb42d56 -> 
========================================================================
Received Prepare
Registering precompiled user dll's ...
Registered in 0.007327 seconds.
Begin MonoManager ReloadAssembly
Symbol file LoadedFromMemory is not a mono symbol file
Symbol file LoadedFromMemory doesn't match image D:\Game Projects\Unity Projects\Terrorist-Vs-Military\Library\PackageCache\com.unity.visualscripting@1.7.2\Editor\VisualScripting.Core\Dependencies\DotNetZip\Unity.VisualScripting.IonicZip.dll
Symbol file LoadedFromMemory doesn't match image D:\Game Projects\Unity Projects\Terrorist-Vs-Military\Library\PackageCache\com.unity.visualscripting@1.7.2\Editor\VisualScripting.Core\Dependencies\YamlDotNet\Unity.VisualScripting.YamlDotNet.dll
Native extension for WindowsStandalone target not found
Refreshing native plugins compatible for Editor in 0.95 ms, found 3 plugins.
Preloading 0 native plugins for Editor in 0.00 ms.
Mono: successfully reloaded assembly
- Completed reload, in  1.173 seconds
Domain Reload Profiling:
	ReloadAssembly (1173ms)
		BeginReloadAssembly (158ms)
			ExecutionOrderSort (0ms)
			DisableScriptedObjects (9ms)
			BackupInstance (0ms)
			ReleaseScriptingObjects (0ms)
			CreateAndSetChildDomain (29ms)
		EndReloadAssembly (908ms)
			LoadAssemblies (130ms)
			RebuildTransferFunctionScriptingTraits (0ms)
			SetupTypeCache (210ms)
			ReleaseScriptCaches (1ms)
			RebuildScriptCaches (44ms)
			SetupLoadedEditorAssemblies (494ms)
				LogAssemblyErrors (0ms)
				InitializePlatformSupportModulesInManaged (15ms)
				SetLoadedEditorAssemblies (0ms)
				RefreshPlugins (1ms)
				BeforeProcessingInitializeOnLoad (85ms)
				ProcessInitializeOnLoadAttributes (260ms)
				ProcessInitializeOnLoadMethodAttributes (119ms)
				AfterProcessingInitializeOnLoad (14ms)
				EditorAssembliesLoaded (0ms)
			ExecutionOrderSort2 (0ms)
			AwakeInstancesAfterBackupRestoration (6ms)
Platform modules already initialized, skipping
Refreshing native plugins compatible for Editor in 7.67 ms, found 3 plugins.
Preloading 0 native plugins for Editor in 0.00 ms.
Unloading 3990 Unused Serialized files (Serialized files now loaded: 0)
Unloading 95 unused Assets / (3.8 MB). Loaded Objects now: 4481.
Memory consumption went from 159.2 MB to 155.4 MB.
Total: 5.885500 ms (FindLiveObjects: 0.283900 ms CreateObjectMapping: 0.159400 ms MarkObjects: 4.555900 ms  DeleteObjects: 0.885100 ms)

AssetImportParameters requested are different than current active one (requested -> active):
  custom:video-decoder-ogg-theora: a1e56fd34408186e4bbccfd4996cb3dc -> 
  custom:container-muxer-webm: aa71ff27fc2769a1b78a27578f13a17b -> 
  custom:container-demuxer-webm: 4f35f7cbe854078d1ac9338744f61a02 -> 
  custom:video-encoder-webm-vp8: eb34c28f22e8b96e1ab97ce403110664 -> 
  custom:audio-encoder-webm-vorbis: bf7c407c2cedff20999df2af8eb42d56 -> 
  custom:framework-win-MediaFoundation: 216162199b28c13a410421893ffa2e32 -> 
  custom:container-demuxer-ogg: 62fdf1f143b41e24485cea50d1cbac27 -> 
  custom:video-decoder-webm-vp8: 9c59270c3fd7afecdb556c50c9e8de78 -> 
  custom:audio-decoder-ogg-vorbis: bf7c407c2cedff20999df2af8eb42d56 -> 
========================================================================
Received Prepare
Registering precompiled user dll's ...
Registered in 0.274333 seconds.
Begin MonoManager ReloadAssembly
Symbol file LoadedFromMemory is not a mono symbol file
Symbol file LoadedFromMemory doesn't match image D:\Game Projects\Unity Projects\Terrorist-Vs-Military\Library\PackageCache\com.unity.visualscripting@1.7.2\Editor\VisualScripting.Core\Dependencies\DotNetZip\Unity.VisualScripting.IonicZip.dll
Symbol file LoadedFromMemory doesn't match image D:\Game Projects\Unity Projects\Terrorist-Vs-Military\Library\PackageCache\com.unity.visualscripting@1.7.2\Editor\VisualScripting.Core\Dependencies\YamlDotNet\Unity.VisualScripting.YamlDotNet.dll
Native extension for WindowsStandalone target not found
Refreshing native plugins compatible for Editor in 112.58 ms, found 3 plugins.
Preloading 0 native plugins for Editor in 0.00 ms.
Mono: successfully reloaded assembly
- Completed reload, in  3.060 seconds
Domain Reload Profiling:
	ReloadAssembly (3060ms)
		BeginReloadAssembly (765ms)
			ExecutionOrderSort (0ms)
			DisableScriptedObjects (8ms)
			BackupInstance (0ms)
			ReleaseScriptingObjects (0ms)
			CreateAndSetChildDomain (38ms)
		EndReloadAssembly (2185ms)
			LoadAssemblies (1579ms)
			RebuildTransferFunctionScriptingTraits (0ms)
			SetupTypeCache (280ms)
			ReleaseScriptCaches (1ms)
			RebuildScriptCaches (51ms)
			SetupLoadedEditorAssemblies (826ms)
				LogAssemblyErrors (0ms)
				InitializePlatformSupportModulesInManaged (12ms)
				SetLoadedEditorAssemblies (0ms)
				RefreshPlugins (113ms)
				BeforeProcessingInitializeOnLoad (91ms)
				ProcessInitializeOnLoadAttributes (384ms)
				ProcessInitializeOnLoadMethodAttributes (211ms)
				AfterProcessingInitializeOnLoad (16ms)
				EditorAssembliesLoaded (0ms)
			ExecutionOrderSort2 (0ms)
			AwakeInstancesAfterBackupRestoration (6ms)
Platform modules already initialized, skipping
Refreshing native plugins compatible for Editor in 11.00 ms, found 3 plugins.
Preloading 0 native plugins for Editor in 0.00 ms.
Unloading 4950 Unused Serialized files (Serialized files now loaded: 0)
Unloading 105 unused Assets / (4.4 MB). Loaded Objects now: 5434.
Memory consumption went from 188.1 MB to 183.7 MB.
Total: 8.945400 ms (FindLiveObjects: 0.616800 ms CreateObjectMapping: 0.571700 ms MarkObjects: 5.863200 ms  DeleteObjects: 1.892500 ms)

AssetImportParameters requested are different than current active one (requested -> active):
  custom:video-decoder-ogg-theora: a1e56fd34408186e4bbccfd4996cb3dc -> 
  custom:container-muxer-webm: aa71ff27fc2769a1b78a27578f13a17b -> 
  custom:container-demuxer-webm: 4f35f7cbe854078d1ac9338744f61a02 -> 
  custom:video-encoder-webm-vp8: eb34c28f22e8b96e1ab97ce403110664 -> 
  custom:audio-encoder-webm-vorbis: bf7c407c2cedff20999df2af8eb42d56 -> 
  custom:framework-win-MediaFoundation: 216162199b28c13a410421893ffa2e32 -> 
  custom:container-demuxer-ogg: 62fdf1f143b41e24485cea50d1cbac27 -> 
  custom:video-decoder-webm-vp8: 9c59270c3fd7afecdb556c50c9e8de78 -> 
  custom:audio-decoder-ogg-vorbis: bf7c407c2cedff20999df2af8eb42d56 -> 
========================================================================
Received Prepare
Registering precompiled user dll's ...
Registered in 0.012139 seconds.
Begin MonoManager ReloadAssembly
Symbol file LoadedFromMemory is not a mono symbol file
Symbol file LoadedFromMemory doesn't match image D:\Game Projects\Unity Projects\Terrorist-Vs-Military\Library\PackageCache\com.unity.visualscripting@1.7.2\Editor\VisualScripting.Core\Dependencies\DotNetZip\Unity.VisualScripting.IonicZip.dll
Symbol file LoadedFromMemory doesn't match image D:\Game Projects\Unity Projects\Terrorist-Vs-Military\Library\PackageCache\com.unity.visualscripting@1.7.2\Editor\VisualScripting.Core\Dependencies\YamlDotNet\Unity.VisualScripting.YamlDotNet.dll
Native extension for WindowsStandalone target not found
Refreshing native plugins compatible for Editor in 1.01 ms, found 3 plugins.
Preloading 0 native plugins for Editor in 0.00 ms.
Mono: successfully reloaded assembly
- Completed reload, in  1.315 seconds
Domain Reload Profiling:
	ReloadAssembly (1316ms)
		BeginReloadAssembly (190ms)
			ExecutionOrderSort (0ms)
			DisableScriptedObjects (8ms)
			BackupInstance (0ms)
			ReleaseScriptingObjects (0ms)
			CreateAndSetChildDomain (46ms)
		EndReloadAssembly (995ms)
			LoadAssemblies (145ms)
			RebuildTransferFunctionScriptingTraits (0ms)
			SetupTypeCache (210ms)
			ReleaseScriptCaches (2ms)
			RebuildScriptCaches (44ms)
			SetupLoadedEditorAssemblies (589ms)
				LogAssemblyErrors (0ms)
				InitializePlatformSupportModulesInManaged (12ms)
				SetLoadedEditorAssemblies (0ms)
				RefreshPlugins (1ms)
				BeforeProcessingInitializeOnLoad (114ms)
				ProcessInitializeOnLoadAttributes (286ms)
				ProcessInitializeOnLoadMethodAttributes (161ms)
				AfterProcessingInitializeOnLoad (14ms)
				EditorAssembliesLoaded (0ms)
			ExecutionOrderSort2 (0ms)
			AwakeInstancesAfterBackupRestoration (6ms)
Platform modules already initialized, skipping
Refreshing native plugins compatible for Editor in 6.82 ms, found 3 plugins.
Preloading 0 native plugins for Editor in 0.00 ms.
Unloading 4957 Unused Serialized files (Serialized files now loaded: 0)
Unloading 105 unused Assets / (4.4 MB). Loaded Objects now: 5437.
Memory consumption went from 189.1 MB to 184.7 MB.
Total: 6.379600 ms (FindLiveObjects: 0.298400 ms CreateObjectMapping: 0.223400 ms MarkObjects: 4.731500 ms  DeleteObjects: 1.125500 ms)

AssetImportParameters requested are different than current active one (requested -> active):
  custom:video-decoder-ogg-theora: a1e56fd34408186e4bbccfd4996cb3dc -> 
  custom:container-muxer-webm: aa71ff27fc2769a1b78a27578f13a17b -> 
  custom:container-demuxer-webm: 4f35f7cbe854078d1ac9338744f61a02 -> 
  custom:video-encoder-webm-vp8: eb34c28f22e8b96e1ab97ce403110664 -> 
  custom:audio-encoder-webm-vorbis: bf7c407c2cedff20999df2af8eb42d56 -> 
  custom:framework-win-MediaFoundation: 216162199b28c13a410421893ffa2e32 -> 
  custom:container-demuxer-ogg: 62fdf1f143b41e24485cea50d1cbac27 -> 
  custom:video-decoder-webm-vp8: 9c59270c3fd7afecdb556c50c9e8de78 -> 
  custom:audio-decoder-ogg-vorbis: bf7c407c2cedff20999df2af8eb42d56 -> 
========================================================================
Received Import Request.
  Time since last request: 1705.744761 seconds.
  path: Assets/New Terrain.asset
  artifactKey: Guid(8f6ec11d8b97d294cbfbfe2a2e65a0e5) Importer(815301076,1909f56bfc062723c751e8b465ee728b)
Start importing Assets/New Terrain.asset using Guid(8f6ec11d8b97d294cbfbfe2a2e65a0e5) Importer(815301076,1909f56bfc062723c751e8b465ee728b)  -> (artifact id: 'a643a1a5dfd4d52d4fb09e178131fc83') in 0.029819 seconds 
========================================================================
Received Import Request.
  Time since last request: 239.504215 seconds.
  path: Assets/New Terrain.asset
  artifactKey: Guid(8f6ec11d8b97d294cbfbfe2a2e65a0e5) Importer(815301076,1909f56bfc062723c751e8b465ee728b)
Start importing Assets/New Terrain.asset using Guid(8f6ec11d8b97d294cbfbfe2a2e65a0e5) Importer(815301076,1909f56bfc062723c751e8b465ee728b)  -> (artifact id: '575fb501d4cd37bc6d3ae7a3950d1a85') in 0.007425 seconds 
========================================================================
Received Import Request.
  Time since last request: 2.960934 seconds.
  path: Assets/Terrain/Terrain_0_0_55a3d42f-ece7-4e95-a248-62f44cd074a7.asset
  artifactKey: Guid(23a94a7d500568c44ac0e0fc3b390911) Importer(815301076,1909f56bfc062723c751e8b465ee728b)
Start importing Assets/Terrain/Terrain_0_0_55a3d42f-ece7-4e95-a248-62f44cd074a7.asset using Guid(23a94a7d500568c44ac0e0fc3b390911) Importer(815301076,1909f56bfc062723c751e8b465ee728b)  -> (artifact id: '59a2ed1f9993d7b0ac16d543d2e24b76') in 0.006332 seconds 
========================================================================
Received Import Request.
  Time since last request: 0.000020 seconds.
  path: Assets/Terrain/Terrain_0_0_d7ef87f3-9c0d-4b81-8019-4f129edacc38.asset
  artifactKey: Guid(19d54a3796046b14b903b4032472c600) Importer(815301076,1909f56bfc062723c751e8b465ee728b)
Start importing Assets/Terrain/Terrain_0_0_d7ef87f3-9c0d-4b81-8019-4f129edacc38.asset using Guid(19d54a3796046b14b903b4032472c600) Importer(815301076,1909f56bfc062723c751e8b465ee728b)  -> (artifact id: '4982d866b1a022eb9a21ae7cbf0f7e29') in 0.011100 seconds 
========================================================================
Received Import Request.
  Time since last request: 0.000061 seconds.
  path: Assets/Terrain/Terrain_0_0_fc9f543c-cf75-428b-a86e-fa08fe61bd69.asset
  artifactKey: Guid(1f69552335fb6b1489aad424c631d87f) Importer(815301076,1909f56bfc062723c751e8b465ee728b)
Start importing Assets/Terrain/Terrain_0_0_fc9f543c-cf75-428b-a86e-fa08fe61bd69.asset using Guid(1f69552335fb6b1489aad424c631d87f) Importer(815301076,1909f56bfc062723c751e8b465ee728b)  -> (artifact id: '7f741f3fae386c7b3acce84e5b60e88d') in 0.007178 seconds 
========================================================================
Received Import Request.
  Time since last request: 25.344891 seconds.
  path: Assets/Terrain/Terrain_0_0_55a3d42f-ece7-4e95-a248-62f44cd074a7 1.asset
  artifactKey: Guid(02ba1c7a75e7cf547862d2508929a9e9) Importer(815301076,1909f56bfc062723c751e8b465ee728b)
Start importing Assets/Terrain/Terrain_0_0_55a3d42f-ece7-4e95-a248-62f44cd074a7 1.asset using Guid(02ba1c7a75e7cf547862d2508929a9e9) Importer(815301076,1909f56bfc062723c751e8b465ee728b)  -> (artifact id: '3764cb29bf2563c8fbaa9ecfb6de9241') in 0.007618 seconds 
========================================================================
Received Prepare
Registering precompiled user dll's ...
Registered in 0.008557 seconds.
Begin MonoManager ReloadAssembly
Symbol file LoadedFromMemory is not a mono symbol file
Symbol file LoadedFromMemory doesn't match image D:\Game Projects\Unity Projects\Terrorist-Vs-Military\Library\PackageCache\com.unity.visualscripting@1.7.2\Editor\VisualScripting.Core\Dependencies\DotNetZip\Unity.VisualScripting.IonicZip.dll
Symbol file LoadedFromMemory doesn't match image D:\Game Projects\Unity Projects\Terrorist-Vs-Military\Library\PackageCache\com.unity.visualscripting@1.7.2\Editor\VisualScripting.Core\Dependencies\YamlDotNet\Unity.VisualScripting.YamlDotNet.dll
Native extension for WindowsStandalone target not found
Refreshing native plugins compatible for Editor in 1.74 ms, found 3 plugins.
Preloading 0 native plugins for Editor in 0.00 ms.
Mono: successfully reloaded assembly
- Completed reload, in  1.602 seconds
Domain Reload Profiling:
	ReloadAssembly (1602ms)
		BeginReloadAssembly (172ms)
			ExecutionOrderSort (0ms)
			DisableScriptedObjects (7ms)
			BackupInstance (0ms)
			ReleaseScriptingObjects (0ms)
			CreateAndSetChildDomain (35ms)
		EndReloadAssembly (1317ms)
			LoadAssemblies (145ms)
			RebuildTransferFunctionScriptingTraits (0ms)
			SetupTypeCache (302ms)
			ReleaseScriptCaches (2ms)
			RebuildScriptCaches (58ms)
			SetupLoadedEditorAssemblies (768ms)
				LogAssemblyErrors (0ms)
				InitializePlatformSupportModulesInManaged (22ms)
				SetLoadedEditorAssemblies (1ms)
				RefreshPlugins (2ms)
				BeforeProcessingInitializeOnLoad (140ms)
				ProcessInitializeOnLoadAttributes (377ms)
				ProcessInitializeOnLoadMethodAttributes (209ms)
				AfterProcessingInitializeOnLoad (17ms)
				EditorAssembliesLoaded (0ms)
			ExecutionOrderSort2 (0ms)
			AwakeInstancesAfterBackupRestoration (8ms)
Platform modules already initialized, skipping
Refreshing native plugins compatible for Editor in 8.83 ms, found 3 plugins.
Preloading 0 native plugins for Editor in 0.00 ms.
Unloading 4957 Unused Serialized files (Serialized files now loaded: 0)
Unloading 105 unused Assets / (4.4 MB). Loaded Objects now: 5440.
Memory consumption went from 189.2 MB to 184.8 MB.
Total: 7.153400 ms (FindLiveObjects: 0.364800 ms CreateObjectMapping: 0.406900 ms MarkObjects: 5.129800 ms  DeleteObjects: 1.250700 ms)

AssetImportParameters requested are different than current active one (requested -> active):
  custom:video-decoder-ogg-theora: a1e56fd34408186e4bbccfd4996cb3dc -> 
  custom:container-muxer-webm: aa71ff27fc2769a1b78a27578f13a17b -> 
  custom:container-demuxer-webm: 4f35f7cbe854078d1ac9338744f61a02 -> 
  custom:video-encoder-webm-vp8: eb34c28f22e8b96e1ab97ce403110664 -> 
  custom:audio-encoder-webm-vorbis: bf7c407c2cedff20999df2af8eb42d56 -> 
  custom:framework-win-MediaFoundation: 216162199b28c13a410421893ffa2e32 -> 
  custom:container-demuxer-ogg: 62fdf1f143b41e24485cea50d1cbac27 -> 
  custom:video-decoder-webm-vp8: 9c59270c3fd7afecdb556c50c9e8de78 -> 
  custom:audio-decoder-ogg-vorbis: bf7c407c2cedff20999df2af8eb42d56 -> 
========================================================================
Received Import Request.
  Time since last request: 800.106803 seconds.
  path: Assets/TerrainSampleAssets/Textures/Terrain/Black_Sand_BaseColor.tif
  artifactKey: Guid(0b59c495bf285c442b1b799c94a9f8aa) Importer(815301076,1909f56bfc062723c751e8b465ee728b)
Start importing Assets/TerrainSampleAssets/Textures/Terrain/Black_Sand_BaseColor.tif using Guid(0b59c495bf285c442b1b799c94a9f8aa) Importer(815301076,1909f56bfc062723c751e8b465ee728b)  -> (artifact id: 'c0be78eab6a354f72c99e7df1a4c3749') in 0.460599 seconds 
========================================================================
Received Import Request.
  Time since last request: 0.000019 seconds.
  path: Assets/TerrainSampleAssets/Textures/Details/Bush_A_Normal.tif
  artifactKey: Guid(e1ef57925b58e624bb0ddcc506f28e94) Importer(815301076,1909f56bfc062723c751e8b465ee728b)
Start importing Assets/TerrainSampleAssets/Textures/Details/Bush_A_Normal.tif using Guid(e1ef57925b58e624bb0ddcc506f28e94) Importer(815301076,1909f56bfc062723c751e8b465ee728b)  -> (artifact id: '98e7cd3209faea64e77d892794ff88db') in 0.268508 seconds 
========================================================================
Received Import Request.
  Time since last request: 0.000019 seconds.
  path: Assets/TerrainSampleAssets/Textures/Details/BushDry_Thickness.tif
  artifactKey: Guid(100a50e8b1d0bc04b95bc2f03cb760db) Importer(815301076,1909f56bfc062723c751e8b465ee728b)
Start importing Assets/TerrainSampleAssets/Textures/Details/BushDry_Thickness.tif using Guid(100a50e8b1d0bc04b95bc2f03cb760db) Importer(815301076,1909f56bfc062723c751e8b465ee728b)  -> (artifact id: 'e709b11a8b38e52dc05605ffd70f0713') in 0.181073 seconds 
========================================================================
Received Import Request.
  Time since last request: 0.000020 seconds.
  path: Assets/TerrainSampleAssets/Textures/Details/Bush_A_BaseColor.tif
  artifactKey: Guid(eb04da16cbc16c9488332336fb11b965) Importer(815301076,1909f56bfc062723c751e8b465ee728b)
Start importing Assets/TerrainSampleAssets/Textures/Details/Bush_A_BaseColor.tif using Guid(eb04da16cbc16c9488332336fb11b965) Importer(815301076,1909f56bfc062723c751e8b465ee728b)  -> (artifact id: 'f06475cb508cf42a6348d91af8793e88') in 0.247023 seconds 
========================================================================
Received Import Request.
  Time since last request: 0.000016 seconds.
  path: Assets/TerrainSampleAssets/Textures/Heightmaps/Canyon01_Heightmap.tif
  artifactKey: Guid(903360ef543b50449ae74931c4fddc2c) Importer(815301076,1909f56bfc062723c751e8b465ee728b)
Start importing Assets/TerrainSampleAssets/Textures/Heightmaps/Canyon01_Heightmap.tif using Guid(903360ef543b50449ae74931c4fddc2c) Importer(815301076,1909f56bfc062723c751e8b465ee728b)  -> (artifact id: '128f1a38278af5d2c627582407dd6e11') in 0.143867 seconds 
========================================================================
Received Import Request.
  Time since last request: 0.000013 seconds.
  path: Assets/TerrainSampleAssets/Textures/Details/BushDry_Normal.tif
  artifactKey: Guid(03fe3ff010bcfb3418536e2f7896257b) Importer(815301076,1909f56bfc062723c751e8b465ee728b)
Start importing Assets/TerrainSampleAssets/Textures/Details/BushDry_Normal.tif using Guid(03fe3ff010bcfb3418536e2f7896257b) Importer(815301076,1909f56bfc062723c751e8b465ee728b)  -> (artifact id: 'e8ffc2362e667a54e51e8f8e5512852a') in 0.170031 seconds 
========================================================================
Received Import Request.
  Time since last request: 0.000047 seconds.
  path: Assets/TerrainSampleAssets/Textures/Details/Bush_A_MaskMap.tif
  artifactKey: Guid(0e1771a5cd057014db71494d5a458d40) Importer(815301076,1909f56bfc062723c751e8b465ee728b)
Start importing Assets/TerrainSampleAssets/Textures/Details/Bush_A_MaskMap.tif using Guid(0e1771a5cd057014db71494d5a458d40) Importer(815301076,1909f56bfc062723c751e8b465ee728b)  -> (artifact id: '7e7b6eca4bf94f041350c35dcb7ef434') in 0.132644 seconds 
========================================================================
Received Import Request.
  Time since last request: 8.220387 seconds.
  path: Assets/TerrainSampleAssets/TerrainLayers/Black_Sand_TerrainLayer.terrainlayer
  artifactKey: Guid(ce833e94f7f7eea468b012546444cf0c) Importer(815301076,1909f56bfc062723c751e8b465ee728b)
Start importing Assets/TerrainSampleAssets/TerrainLayers/Black_Sand_TerrainLayer.terrainlayer using Guid(ce833e94f7f7eea468b012546444cf0c) Importer(815301076,1909f56bfc062723c751e8b465ee728b)  -> (artifact id: 'b00a1834900e147185988da5b553bcf3') in 0.173325 seconds 
========================================================================
Received Import Request.
  Time since last request: 0.000030 seconds.
  path: Assets/TerrainSampleAssets/TerrainLayers/Grass_Moss_TerrainLayer.terrainlayer
  artifactKey: Guid(d25c8def728088547ae6a1024dd9b481) Importer(815301076,1909f56bfc062723c751e8b465ee728b)
Start importing Assets/TerrainSampleAssets/TerrainLayers/Grass_Moss_TerrainLayer.terrainlayer using Guid(d25c8def728088547ae6a1024dd9b481) Importer(815301076,1909f56bfc062723c751e8b465ee728b)  -> (artifact id: 'c89d48e1d282bb736d5318fcf77e9f33') in 0.434459 seconds 
========================================================================
Received Import Request.
  Time since last request: 0.000020 seconds.
  path: Assets/TerrainSampleAssets/TerrainLayers/Grass_Soil_TerrainLayer.terrainlayer
  artifactKey: Guid(62f82665abc6fbf4e8f7fa058cbd8d6c) Importer(815301076,1909f56bfc062723c751e8b465ee728b)
Start importing Assets/TerrainSampleAssets/TerrainLayers/Grass_Soil_TerrainLayer.terrainlayer using Guid(62f82665abc6fbf4e8f7fa058cbd8d6c) Importer(815301076,1909f56bfc062723c751e8b465ee728b)  -> (artifact id: '0986e2fc99db40b1ff7651c9e29734ae') in 0.582549 seconds 
========================================================================
Received Import Request.
  Time since last request: 0.000019 seconds.
  path: Assets/TerrainSampleAssets/TerrainLayers/Heather_TerrainLayer.terrainlayer
  artifactKey: Guid(795e383430200a14bb52726e97a0e7f4) Importer(815301076,1909f56bfc062723c751e8b465ee728b)
Start importing Assets/TerrainSampleAssets/TerrainLayers/Heather_TerrainLayer.terrainlayer using Guid(795e383430200a14bb52726e97a0e7f4) Importer(815301076,1909f56bfc062723c751e8b465ee728b)  -> (artifact id: '07b8de81e1d5355477a4e1cfa86ab3e8') in 0.468776 seconds 
========================================================================
Received Import Request.
  Time since last request: 68.905685 seconds.
  path: Assets/TerrainSampleAssets/Textures/Heightmaps/Flat_Mountain01_Heightmap.tif
  artifactKey: Guid(d2a704d1b2d8ad948aab36a028a684b5) Importer(815301076,1909f56bfc062723c751e8b465ee728b)
Start importing Assets/TerrainSampleAssets/Textures/Heightmaps/Flat_Mountain01_Heightmap.tif using Guid(d2a704d1b2d8ad948aab36a028a684b5) Importer(815301076,1909f56bfc062723c751e8b465ee728b)  -> (artifact id: '4c9cf7f85374dc108ea337fd8f442812') in 0.234678 seconds 
========================================================================
Received Import Request.
  Time since last request: 0.000020 seconds.
  path: Assets/TerrainSampleAssets/Textures/Heightmaps/Mountain02_Heightmap.tif
  artifactKey: Guid(5b7433cfa322cdb4ba853ecd73127975) Importer(815301076,1909f56bfc062723c751e8b465ee728b)
Start importing Assets/TerrainSampleAssets/Textures/Heightmaps/Mountain02_Heightmap.tif using Guid(5b7433cfa322cdb4ba853ecd73127975) Importer(815301076,1909f56bfc062723c751e8b465ee728b)  -> (artifact id: '33ba4bd4862f7e1bec8d11c490be23a7') in 0.130453 seconds 
========================================================================
Received Import Request.
  Time since last request: 0.000025 seconds.
  path: Assets/TerrainSampleAssets/Textures/Heightmaps/Mountain06_Heightmap.tif
  artifactKey: Guid(b44a453c2397af74cb81885989043518) Importer(815301076,1909f56bfc062723c751e8b465ee728b)
Start importing Assets/TerrainSampleAssets/Textures/Heightmaps/Mountain06_Heightmap.tif using Guid(b44a453c2397af74cb81885989043518) Importer(815301076,1909f56bfc062723c751e8b465ee728b)  -> (artifact id: 'ca414ddb407a11ce96a8573d9e81f8ae') in 0.085713 seconds 
========================================================================
Received Import Request.
  Time since last request: 0.000016 seconds.
  path: Assets/TerrainSampleAssets/Textures/Heightmaps/Mountain07_Heightmap.tif
  artifactKey: Guid(ce420f179549a9c4f9a08a26260e8d18) Importer(815301076,1909f56bfc062723c751e8b465ee728b)
Start importing Assets/TerrainSampleAssets/Textures/Heightmaps/Mountain07_Heightmap.tif using Guid(ce420f179549a9c4f9a08a26260e8d18) Importer(815301076,1909f56bfc062723c751e8b465ee728b)  -> (artifact id: 'b677fa417663667f0bd32c4943c30f5e') in 0.184443 seconds 
========================================================================
Received Import Request.
  Time since last request: 0.261954 seconds.
  path: Assets/TerrainSampleAssets/Textures/Heightmaps/Mountain08_Heightmap.tif
  artifactKey: Guid(d5428cdc2df49fc4a9aa5bbbcfcfe0e0) Importer(815301076,1909f56bfc062723c751e8b465ee728b)
Start importing Assets/TerrainSampleAssets/Textures/Heightmaps/Mountain08_Heightmap.tif using Guid(d5428cdc2df49fc4a9aa5bbbcfcfe0e0) Importer(815301076,1909f56bfc062723c751e8b465ee728b)  -> (artifact id: 'edfa5b80e256eaf9cf6e8f1b2c968d6e') in 0.219673 seconds 
========================================================================
Received Import Request.
  Time since last request: 0.000016 seconds.
  path: Assets/TerrainSampleAssets/Textures/Heightmaps/Mountain11_Heightmap.tiff
  artifactKey: Guid(70e652ab807bd5c4ca36dc57a1ed6339) Importer(815301076,1909f56bfc062723c751e8b465ee728b)
Start importing Assets/TerrainSampleAssets/Textures/Heightmaps/Mountain11_Heightmap.tiff using Guid(70e652ab807bd5c4ca36dc57a1ed6339) Importer(815301076,1909f56bfc062723c751e8b465ee728b)  -> (artifact id: '667a14142a1a753f9815d65a5bacf446') in 0.182216 seconds 
========================================================================
Received Import Request.
  Time since last request: 20.125261 seconds.
  path: Packages/com.unity.2d.sprite/Editor/ObjectMenuCreation/DefaultAssets/Textures/9-SlicedWithBorder.png
  artifactKey: Guid(cc35afd292fc349128b36a291fb3a165) Importer(815301076,1909f56bfc062723c751e8b465ee728b)
Start importing Packages/com.unity.2d.sprite/Editor/ObjectMenuCreation/DefaultAssets/Textures/9-SlicedWithBorder.png using Guid(cc35afd292fc349128b36a291fb3a165) Importer(815301076,1909f56bfc062723c751e8b465ee728b)  -> (artifact id: 'c56de1da9008889725269aaa97d58894') in 0.108783 seconds 
========================================================================
Received Import Request.
  Time since last request: 0.000027 seconds.
  path: Packages/com.unity.visualscripting/Editor/VisualScripting.Core/EditorAssetResources/AcknowledgementPage@32x.png
  artifactKey: Guid(9d6cf997aed23448284eba7a62fed88a) Importer(815301076,1909f56bfc062723c751e8b465ee728b)
Start importing Packages/com.unity.visualscripting/Editor/VisualScripting.Core/EditorAssetResources/AcknowledgementPage@32x.png using Guid(9d6cf997aed23448284eba7a62fed88a) Importer(815301076,1909f56bfc062723c751e8b465ee728b)  -> (artifact id: '19a462998538707ef9d3a2f7a38217a8') in 0.057275 seconds 
========================================================================
Received Import Request.
  Time since last request: 0.000017 seconds.
  path: Packages/com.unity.collab-proxy/Editor/Collaborate/Assets/Icons/added-file-dark.png
  artifactKey: Guid(1a4f52b613391cd449af3ad2e44affeb) Importer(815301076,1909f56bfc062723c751e8b465ee728b)
Start importing Packages/com.unity.collab-proxy/Editor/Collaborate/Assets/Icons/added-file-dark.png using Guid(1a4f52b613391cd449af3ad2e44affeb) Importer(815301076,1909f56bfc062723c751e8b465ee728b)  -> (artifact id: '0fa69aaa28f624d131403c0573ee223e') in 0.069886 seconds 
========================================================================
Received Import Request.
  Time since last request: 0.000019 seconds.
  path: Packages/com.unity.collab-proxy/Editor/Collaborate/Assets/Icons/added-file-dark@2x.png
  artifactKey: Guid(c223e0c507e2c6549a2cb97441b62cbe) Importer(815301076,1909f56bfc062723c751e8b465ee728b)
Start importing Packages/com.unity.collab-proxy/Editor/Collaborate/Assets/Icons/added-file-dark@2x.png using Guid(c223e0c507e2c6549a2cb97441b62cbe) Importer(815301076,1909f56bfc062723c751e8b465ee728b)  -> (artifact id: '8f1ceeb581b85a44378bb578588ea349') in 0.069098 seconds 
========================================================================
Received Import Request.
  Time since last request: 51.555447 seconds.
  path: Assets/TerrainSampleAssets
  artifactKey: Guid(337316f7f447cbf488e17e54c9208acd) Importer(815301076,1909f56bfc062723c751e8b465ee728b)
Start importing Assets/TerrainSampleAssets using Guid(337316f7f447cbf488e17e54c9208acd) Importer(815301076,1909f56bfc062723c751e8b465ee728b)  -> (artifact id: '5840fce596e845b5e73efcdfb67c6db0') in 0.006401 seconds 
========================================================================
Received Import Request.
  Time since last request: 4.003209 seconds.
  path: Assets/TerrainSampleAssets/Textures
  artifactKey: Guid(2c15104c220656a448f8a2cd8dcd672a) Importer(815301076,1909f56bfc062723c751e8b465ee728b)
Start importing Assets/TerrainSampleAssets/Textures using Guid(2c15104c220656a448f8a2cd8dcd672a) Importer(815301076,1909f56bfc062723c751e8b465ee728b)  -> (artifact id: 'a3c75bd394259af43566940db7fa2a6b') in 0.021740 seconds 
========================================================================
Received Import Request.
  Time since last request: 1.552177 seconds.
  path: Assets/TerrainSampleAssets/Textures/Terrain
  artifactKey: Guid(403f503485f141040ad4a96e37fbf98b) Importer(815301076,1909f56bfc062723c751e8b465ee728b)
Start importing Assets/TerrainSampleAssets/Textures/Terrain using Guid(403f503485f141040ad4a96e37fbf98b) Importer(815301076,1909f56bfc062723c751e8b465ee728b)  -> (artifact id: 'efe3fe8173c71157634c208a666cae36') in 0.019661 seconds 
========================================================================
Received Import Request.
  Time since last request: 0.064837 seconds.
  path: Assets/TerrainSampleAssets/Textures/Terrain/Grass_A_BaseColor.tif
  artifactKey: Guid(b39336e67b68db14aa4a8a7f883e5aff) Importer(815301076,1909f56bfc062723c751e8b465ee728b)
Start importing Assets/TerrainSampleAssets/Textures/Terrain/Grass_A_BaseColor.tif using Guid(b39336e67b68db14aa4a8a7f883e5aff) Importer(815301076,1909f56bfc062723c751e8b465ee728b)  -> (artifact id: 'e53f40d8bace2941f9a86b2d03a8894d') in 0.022254 seconds 
========================================================================
Received Import Request.
  Time since last request: 0.000015 seconds.
  path: Assets/TerrainSampleAssets/Textures/Terrain/Pebbles_B_Normal.tif
  artifactKey: Guid(abaa3d4f433df074389559003412235d) Importer(815301076,1909f56bfc062723c751e8b465ee728b)
Start importing Assets/TerrainSampleAssets/Textures/Terrain/Pebbles_B_Normal.tif using Guid(abaa3d4f433df074389559003412235d) Importer(815301076,1909f56bfc062723c751e8b465ee728b)  -> (artifact id: '44266c13988d2dacaef6acc1159715e3') in 0.134515 seconds 
========================================================================
Received Import Request.
  Time since last request: 0.000018 seconds.
  path: Assets/TerrainSampleAssets/Textures/Terrain/Grass_Dry_Normal.tif
  artifactKey: Guid(d835c61db4c94444eabef9cf95e8a7c4) Importer(815301076,1909f56bfc062723c751e8b465ee728b)
Start importing Assets/TerrainSampleAssets/Textures/Terrain/Grass_Dry_Normal.tif using Guid(d835c61db4c94444eabef9cf95e8a7c4) Importer(815301076,1909f56bfc062723c751e8b465ee728b)  -> (artifact id: '1c2d461eaa984f06c965eb54989f9e17') in 0.090620 seconds 
========================================================================
Received Import Request.
  Time since last request: 0.000022 seconds.
  path: Assets/TerrainSampleAssets/Textures/Terrain/Pebbles_C_Normal.tif
  artifactKey: Guid(297a3ddfc901318499e15b3a0c8ec74d) Importer(815301076,1909f56bfc062723c751e8b465ee728b)
Start importing Assets/TerrainSampleAssets/Textures/Terrain/Pebbles_C_Normal.tif using Guid(297a3ddfc901318499e15b3a0c8ec74d) Importer(815301076,1909f56bfc062723c751e8b465ee728b)  -> (artifact id: '3afe3f9f2743c066ff22053e5007a3a9') in 0.185131 seconds 
========================================================================
Received Import Request.
  Time since last request: 0.000019 seconds.
  path: Assets/TerrainSampleAssets/Textures/Terrain/Tidal_Pools_MaskMap.tif
  artifactKey: Guid(e39c4b98a4756b043a23fb5b81e7b25a) Importer(815301076,1909f56bfc062723c751e8b465ee728b)
Start importing Assets/TerrainSampleAssets/Textures/Terrain/Tidal_Pools_MaskMap.tif using Guid(e39c4b98a4756b043a23fb5b81e7b25a) Importer(815301076,1909f56bfc062723c751e8b465ee728b)  -> (artifact id: '4277798fd014f67220718f5637030f3d') in 0.170263 seconds 
========================================================================
Received Import Request.
  Time since last request: 0.000021 seconds.
  path: Assets/TerrainSampleAssets/Textures/Terrain/Grass_Moss_Normal.tif
  artifactKey: Guid(2114e87dbc5872042860b1588217688e) Importer(815301076,1909f56bfc062723c751e8b465ee728b)
Start importing Assets/TerrainSampleAssets/Textures/Terrain/Grass_Moss_Normal.tif using Guid(2114e87dbc5872042860b1588217688e) Importer(815301076,1909f56bfc062723c751e8b465ee728b)  -> (artifact id: '1c9465a1360c7b9f95aeede9f9e8e9bc') in 0.024659 seconds 
========================================================================
Received Import Request.
  Time since last request: 0.000013 seconds.
  path: Assets/TerrainSampleAssets/Textures/Terrain/Muddy_Normal.tif
  artifactKey: Guid(86f7d07dde38b154188fd60359df541e) Importer(815301076,1909f56bfc062723c751e8b465ee728b)
Start importing Assets/TerrainSampleAssets/Textures/Terrain/Muddy_Normal.tif using Guid(86f7d07dde38b154188fd60359df541e) Importer(815301076,1909f56bfc062723c751e8b465ee728b)  -> (artifact id: 'af3d828c78654a0a3caa45a2290abd8b') in 0.080514 seconds 
========================================================================
Received Import Request.
  Time since last request: 0.000014 seconds.
  path: Assets/TerrainSampleAssets/Textures/Terrain/Grass_Soil_BaseColor.tif
  artifactKey: Guid(bde7423cb35c64746b6b24c63040dcb0) Importer(815301076,1909f56bfc062723c751e8b465ee728b)
Start importing Assets/TerrainSampleAssets/Textures/Terrain/Grass_Soil_BaseColor.tif using Guid(bde7423cb35c64746b6b24c63040dcb0) Importer(815301076,1909f56bfc062723c751e8b465ee728b)  -> (artifact id: 'd690d57e9a2482d13f124051e42e9bce') in 0.015072 seconds 
========================================================================
Received Import Request.
  Time since last request: 0.000014 seconds.
  path: Assets/TerrainSampleAssets/Textures/Terrain/Heather_Normal.tif
  artifactKey: Guid(c8b8fa1b153cfd3428c4c5c2fded152e) Importer(815301076,1909f56bfc062723c751e8b465ee728b)
Start importing Assets/TerrainSampleAssets/Textures/Terrain/Heather_Normal.tif using Guid(c8b8fa1b153cfd3428c4c5c2fded152e) Importer(815301076,1909f56bfc062723c751e8b465ee728b)  -> (artifact id: '7941ea6b587b80b08a5c395fd2ea9f1a') in 0.019107 seconds 
========================================================================
Received Import Request.
  Time since last request: 0.000016 seconds.
  path: Assets/TerrainSampleAssets/Textures/Terrain/Grass_Soil_MaskMap.tif
  artifactKey: Guid(61a6ad6be0be2b444addf88107c0fda2) Importer(815301076,1909f56bfc062723c751e8b465ee728b)
Start importing Assets/TerrainSampleAssets/Textures/Terrain/Grass_Soil_MaskMap.tif using Guid(61a6ad6be0be2b444addf88107c0fda2) Importer(815301076,1909f56bfc062723c751e8b465ee728b)  -> (artifact id: 'abb4af68e80e81f05fca0bcaa4ec12f9') in 0.018521 seconds 
========================================================================
Received Import Request.
  Time since last request: 0.000017 seconds.
  path: Assets/TerrainSampleAssets/Textures/Terrain/Heather_MaskMap.tif
  artifactKey: Guid(240efe9002d9e7a44b9f2a592f357102) Importer(815301076,1909f56bfc062723c751e8b465ee728b)
Start importing Assets/TerrainSampleAssets/Textures/Terrain/Heather_MaskMap.tif using Guid(240efe9002d9e7a44b9f2a592f357102) Importer(815301076,1909f56bfc062723c751e8b465ee728b)  -> (artifact id: 'd2a3a80d612fb7b120e612b10e3d1631') in 0.026533 seconds 
========================================================================
Received Import Request.
  Time since last request: 0.000017 seconds.
  path: Assets/TerrainSampleAssets/Textures/Terrain/Pebbles_C_BaseColor.tif
  artifactKey: Guid(8e255f57d15705e488d4db5425239501) Importer(815301076,1909f56bfc062723c751e8b465ee728b)
Start importing Assets/TerrainSampleAssets/Textures/Terrain/Pebbles_C_BaseColor.tif using Guid(8e255f57d15705e488d4db5425239501) Importer(815301076,1909f56bfc062723c751e8b465ee728b)  -> (artifact id: '387f2c1d9846a09e60ec8ac0b8695706') in 0.189613 seconds 
========================================================================
Received Import Request.
  Time since last request: 0.000021 seconds.
  path: Assets/TerrainSampleAssets/Textures/Terrain/Pebbles_A_Normal.tif
  artifactKey: Guid(00eadd7ea2cbbf14ca338babf410bdf4) Importer(815301076,1909f56bfc062723c751e8b465ee728b)
Start importing Assets/TerrainSampleAssets/Textures/Terrain/Pebbles_A_Normal.tif using Guid(00eadd7ea2cbbf14ca338babf410bdf4) Importer(815301076,1909f56bfc062723c751e8b465ee728b)  -> (artifact id: '8a2c84de42723e6500ebbe3264818c96') in 0.141144 seconds 
========================================================================
Received Import Request.
  Time since last request: 0.000016 seconds.
  path: Assets/TerrainSampleAssets/Textures/Terrain/Sand_BaseColor.tif
  artifactKey: Guid(e18ae12a8286a594bae0eb036ce9bc12) Importer(815301076,1909f56bfc062723c751e8b465ee728b)
Start importing Assets/TerrainSampleAssets/Textures/Terrain/Sand_BaseColor.tif using Guid(e18ae12a8286a594bae0eb036ce9bc12) Importer(815301076,1909f56bfc062723c751e8b465ee728b)  -> (artifact id: 'edd526b797c5ad0bdf354072b2bd656b') in 0.199513 seconds 
========================================================================
Received Import Request.
  Time since last request: 0.000018 seconds.
  path: Assets/TerrainSampleAssets/Textures/Terrain/Pebbles_A_BaseColor.tif
  artifactKey: Guid(5f61aa5f60d405a4b9f08becbe25d4c2) Importer(815301076,1909f56bfc062723c751e8b465ee728b)
Start importing Assets/TerrainSampleAssets/Textures/Terrain/Pebbles_A_BaseColor.tif using Guid(5f61aa5f60d405a4b9f08becbe25d4c2) Importer(815301076,1909f56bfc062723c751e8b465ee728b)  -> (artifact id: 'a1981bf5221cbfa0e58ff1e01370dc91') in 0.118041 seconds 
========================================================================
Received Import Request.
  Time since last request: 36.541793 seconds.
  path: Assets/BaseTexture.terrainlayer
  artifactKey: Guid(e2cdc8ac5fb8998499da71b7c1425e0a) Importer(815301076,1909f56bfc062723c751e8b465ee728b)
Start importing Assets/BaseTexture.terrainlayer using Guid(e2cdc8ac5fb8998499da71b7c1425e0a) Importer(815301076,1909f56bfc062723c751e8b465ee728b)  -> (artifact id: 'd200039e1e8f450c3a51c4652c931ac9') in 0.010919 seconds 
========================================================================
Received Import Request.
  Time since last request: 18.369616 seconds.
  path: Assets/TerrainSampleAssets/Textures/Details/Fern_MaskMap.tif
  artifactKey: Guid(d5a7b708862dd0a449b4bccbefdd2335) Importer(815301076,1909f56bfc062723c751e8b465ee728b)
Start importing Assets/TerrainSampleAssets/Textures/Details/Fern_MaskMap.tif using Guid(d5a7b708862dd0a449b4bccbefdd2335) Importer(815301076,1909f56bfc062723c751e8b465ee728b)  -> (artifact id: '446798634363692d36c1e43fa441fd50') in 0.120351 seconds 
Editor requested this worker to shutdown with reason: Scaling down because of idle timeout
AssetImportWorker is now disconnected from the server
Process exiting
Exiting without the bug reporter. Application will terminate with return code 0