Using pre-set license
Built from '2021.3/staging' branch; Version is '2021.3.0f1 (6eacc8284459) revision 7253192'; Using compiler version '192829333'; Build Type 'Release'
OS: 'Windows 10  (10.0.19044) 64bit Core' Language: 'en' Physical Memory: 16325 MB
BatchMode: 1, IsHumanControllingUs: 0, StartBugReporterOnCrash: 0, Is64bit: 1, IsPro: 1

COMMAND LINE ARGUMENTS:
D:\Program Files\Unity\2021.3.0f1\Editor\Unity.exe
-adb2
-batchMode
-noUpm
-name
AssetImportWorker7
-projectPath
D:/Game Projects/Unity Projects/Terrorist-Vs-Military
-logFile
Logs/AssetImportWorker7.log
-srvPort
52785
Successfully changed project path to: D:/Game Projects/Unity Projects/Terrorist-Vs-Military
D:/Game Projects/Unity Projects/Terrorist-Vs-Military
[UnityMemory] Configuration Parameters - Can be set up in boot.config
    "memorysetup-bucket-allocator-granularity=16"
    "memorysetup-bucket-allocator-bucket-count=8"
    "memorysetup-bucket-allocator-block-size=33554432"
    "memorysetup-bucket-allocator-block-count=8"
    "memorysetup-main-allocator-block-size=16777216"
    "memorysetup-thread-allocator-block-size=16777216"
    "memorysetup-gfx-main-allocator-block-size=16777216"
    "memorysetup-gfx-thread-allocator-block-size=16777216"
    "memorysetup-cache-allocator-block-size=4194304"
    "memorysetup-typetree-allocator-block-size=2097152"
    "memorysetup-profiler-bucket-allocator-granularity=16"
    "memorysetup-profiler-bucket-allocator-bucket-count=8"
    "memorysetup-profiler-bucket-allocator-block-size=33554432"
    "memorysetup-profiler-bucket-allocator-block-count=8"
    "memorysetup-profiler-allocator-block-size=16777216"
    "memorysetup-profiler-editor-allocator-block-size=1048576"
    "memorysetup-temp-allocator-size-main=16777216"
    "memorysetup-job-temp-allocator-block-size=2097152"
    "memorysetup-job-temp-allocator-block-size-background=1048576"
    "memorysetup-job-temp-allocator-reduction-small-platforms=262144"
    "memorysetup-temp-allocator-size-background-worker=32768"
    "memorysetup-temp-allocator-size-job-worker=262144"
    "memorysetup-temp-allocator-size-preload-manager=33554432"
    "memorysetup-temp-allocator-size-nav-mesh-worker=65536"
    "memorysetup-temp-allocator-size-audio-worker=65536"
    "memorysetup-temp-allocator-size-cloud-worker=32768"
    "memorysetup-temp-allocator-size-gi-baking-worker=262144"
    "memorysetup-temp-allocator-size-gfx=262144"
Refreshing native plugins compatible for Editor in 140.25 ms, found 3 plugins.
Preloading 0 native plugins for Editor in 0.00 ms.
Initialize engine version: 2021.3.0f1 (6eacc8284459)
[Subsystems] Discovering subsystems at path D:/Program Files/Unity/2021.3.0f1/Editor/Data/Resources/UnitySubsystems
[Subsystems] Discovering subsystems at path D:/Game Projects/Unity Projects/Terrorist-Vs-Military/Assets
GfxDevice: creating device client; threaded=0; jobified=0
Direct3D:
    Version:  Direct3D 11.0 [level 11.1]
    Renderer: NVIDIA GeForce GTX 1070 Ti (ID=0x1b82)
    Vendor:   NVIDIA
    VRAM:     8079 MB
    Driver:   31.0.15.1640
Initialize mono
Mono path[0] = 'D:/Program Files/Unity/2021.3.0f1/Editor/Data/Managed'
Mono path[1] = 'D:/Program Files/Unity/2021.3.0f1/Editor/Data/MonoBleedingEdge/lib/mono/unityjit-win32'
Mono config path = 'D:/Program Files/Unity/2021.3.0f1/Editor/Data/MonoBleedingEdge/etc'
Using monoOptions --debugger-agent=transport=dt_socket,embedding=1,server=y,suspend=n,address=127.0.0.1:56640
Begin MonoManager ReloadAssembly
Registering precompiled unity dll's ...
Register platform support module: D:/Program Files/Unity/2021.3.0f1/Editor/Data/PlaybackEngines/WindowsStandaloneSupport/UnityEditor.WindowsStandalone.Extensions.dll
Registered in 0.012502 seconds.
Native extension for WindowsStandalone target not found
Refreshing native plugins compatible for Editor in 133.49 ms, found 3 plugins.
Preloading 0 native plugins for Editor in 0.00 ms.
Mono: successfully reloaded assembly
- Completed reload, in  0.692 seconds
Domain Reload Profiling:
	ReloadAssembly (692ms)
		BeginReloadAssembly (82ms)
			ExecutionOrderSort (0ms)
			DisableScriptedObjects (0ms)
			BackupInstance (0ms)
			ReleaseScriptingObjects (0ms)
			CreateAndSetChildDomain (1ms)
		EndReloadAssembly (489ms)
			LoadAssemblies (78ms)
			RebuildTransferFunctionScriptingTraits (0ms)
			SetupTypeCache (87ms)
			ReleaseScriptCaches (0ms)
			RebuildScriptCaches (25ms)
			SetupLoadedEditorAssemblies (322ms)
				LogAssemblyErrors (0ms)
				InitializePlatformSupportModulesInManaged (9ms)
				SetLoadedEditorAssemblies (0ms)
				RefreshPlugins (134ms)
				BeforeProcessingInitializeOnLoad (2ms)
				ProcessInitializeOnLoadAttributes (138ms)
				ProcessInitializeOnLoadMethodAttributes (41ms)
				AfterProcessingInitializeOnLoad (0ms)
				EditorAssembliesLoaded (0ms)
			ExecutionOrderSort2 (0ms)
			AwakeInstancesAfterBackupRestoration (0ms)
Platform modules already initialized, skipping
Registering precompiled user dll's ...
Registered in 0.008230 seconds.
Begin MonoManager ReloadAssembly
Symbol file LoadedFromMemory doesn't match image D:\Game Projects\Unity Projects\Terrorist-Vs-Military\Library\PackageCache\com.unity.visualscripting@1.7.2\Editor\VisualScripting.Core\Dependencies\DotNetZip\Unity.VisualScripting.IonicZip.dll
Symbol file LoadedFromMemory doesn't match image D:\Game Projects\Unity Projects\Terrorist-Vs-Military\Library\PackageCache\com.unity.visualscripting@1.7.2\Editor\VisualScripting.Core\Dependencies\YamlDotNet\Unity.VisualScripting.YamlDotNet.dll
Symbol file LoadedFromMemory is not a mono symbol file
Native extension for WindowsStandalone target not found
Refreshing native plugins compatible for Editor in 116.92 ms, found 3 plugins.
Preloading 0 native plugins for Editor in 0.00 ms.
Package Manager log level set to [2]
Mono: successfully reloaded assembly
- Completed reload, in  1.375 seconds
Domain Reload Profiling:
	ReloadAssembly (1375ms)
		BeginReloadAssembly (132ms)
			ExecutionOrderSort (0ms)
			DisableScriptedObjects (5ms)
			BackupInstance (0ms)
			ReleaseScriptingObjects (0ms)
			CreateAndSetChildDomain (20ms)
		EndReloadAssembly (1112ms)
			LoadAssemblies (120ms)
			RebuildTransferFunctionScriptingTraits (0ms)
			SetupTypeCache (221ms)
			ReleaseScriptCaches (1ms)
			RebuildScriptCaches (53ms)
			SetupLoadedEditorAssemblies (690ms)
				LogAssemblyErrors (0ms)
				InitializePlatformSupportModulesInManaged (5ms)
				SetLoadedEditorAssemblies (0ms)
				RefreshPlugins (117ms)
				BeforeProcessingInitializeOnLoad (123ms)
				ProcessInitializeOnLoadAttributes (286ms)
				ProcessInitializeOnLoadMethodAttributes (144ms)
				AfterProcessingInitializeOnLoad (13ms)
				EditorAssembliesLoaded (0ms)
			ExecutionOrderSort2 (0ms)
			AwakeInstancesAfterBackupRestoration (5ms)
Platform modules already initialized, skipping
========================================================================
Worker process is ready to serve import requests
Launched and connected shader compiler UnityShaderCompiler.exe after 0.07 seconds
Refreshing native plugins compatible for Editor in 1.74 ms, found 3 plugins.
Preloading 0 native plugins for Editor in 0.00 ms.
Unloading 4967 Unused Serialized files (Serialized files now loaded: 0)
Unloading 82 unused Assets / (0.9 MB). Loaded Objects now: 5425.
Memory consumption went from 186.8 MB to 186.0 MB.
Total: 6.133300 ms (FindLiveObjects: 0.480900 ms CreateObjectMapping: 0.405200 ms MarkObjects: 5.018000 ms  DeleteObjects: 0.228100 ms)

AssetImportParameters requested are different than current active one (requested -> active):
  custom:video-decoder-ogg-theora: a1e56fd34408186e4bbccfd4996cb3dc -> 
  custom:container-muxer-webm: aa71ff27fc2769a1b78a27578f13a17b -> 
  custom:container-demuxer-webm: 4f35f7cbe854078d1ac9338744f61a02 -> 
  custom:video-encoder-webm-vp8: eb34c28f22e8b96e1ab97ce403110664 -> 
  custom:audio-encoder-webm-vorbis: bf7c407c2cedff20999df2af8eb42d56 -> 
  custom:framework-win-MediaFoundation: 216162199b28c13a410421893ffa2e32 -> 
  custom:container-demuxer-ogg: 62fdf1f143b41e24485cea50d1cbac27 -> 
  custom:video-decoder-webm-vp8: 9c59270c3fd7afecdb556c50c9e8de78 -> 
  custom:audio-decoder-ogg-vorbis: bf7c407c2cedff20999df2af8eb42d56 -> 
========================================================================
Received Import Request.
  Time since last request: 331510.385803 seconds.
  path: Assets/TerrainSampleAssets/Materials/Plant.asset
  artifactKey: Guid(f53f3a3078db3cd4a9bcd875d3b2a557) Importer(815301076,1909f56bfc062723c751e8b465ee728b)
Start importing Assets/TerrainSampleAssets/Materials/Plant.asset using Guid(f53f3a3078db3cd4a9bcd875d3b2a557) Importer(815301076,1909f56bfc062723c751e8b465ee728b)  -> (artifact id: '482d9dc965779feb47f69f2d5fbb1b51') in 0.853182 seconds 
========================================================================
Received Import Request.
  Time since last request: 12.143178 seconds.
  path: Assets/SimpleMilitary/Materials/Apartment_Damaged_c.mat
  artifactKey: Guid(9128b363e06bed9479c1798c7a77e8fb) Importer(815301076,1909f56bfc062723c751e8b465ee728b)
Start importing Assets/SimpleMilitary/Materials/Apartment_Damaged_c.mat using Guid(9128b363e06bed9479c1798c7a77e8fb) Importer(815301076,1909f56bfc062723c751e8b465ee728b)  -> (artifact id: 'b7fa85a3133cdc04efbf65a1b2d9e268') in 0.337107 seconds 
========================================================================
Received Import Request.
  Time since last request: 0.000019 seconds.
  path: Packages/com.unity.searcher/Editor/Resources/FlatSkin/Font/Roboto-BoldItalic.ttf
  artifactKey: Guid(dfb97a9307a577a41bcacba34b9a7e32) Importer(815301076,1909f56bfc062723c751e8b465ee728b)
Start importing Packages/com.unity.searcher/Editor/Resources/FlatSkin/Font/Roboto-BoldItalic.ttf using Guid(dfb97a9307a577a41bcacba34b9a7e32) Importer(815301076,1909f56bfc062723c751e8b465ee728b)  -> (artifact id: 'f393ad505fbca6e90409cb2022495296') in 0.085550 seconds 
========================================================================
Received Import Request.
  Time since last request: 0.000019 seconds.
  path: Packages/com.unity.searcher/Editor/Resources/FlatSkin/Font/Roboto-MediumItalic.ttf
  artifactKey: Guid(d93c1bc57fdf1ac4dad1bf04fac05464) Importer(815301076,1909f56bfc062723c751e8b465ee728b)
Start importing Packages/com.unity.searcher/Editor/Resources/FlatSkin/Font/Roboto-MediumItalic.ttf using Guid(d93c1bc57fdf1ac4dad1bf04fac05464) Importer(815301076,1909f56bfc062723c751e8b465ee728b)  -> (artifact id: 'c644fec4b5e2f6e8b5f5f6b96406438e') in 0.026593 seconds 
========================================================================
Received Import Request.
  Time since last request: 0.000020 seconds.
  path: Assets/SimpleMilitary/Materials/Barracks_a.mat
  artifactKey: Guid(61fdab2438a915544b92b73275540836) Importer(815301076,1909f56bfc062723c751e8b465ee728b)
Start importing Assets/SimpleMilitary/Materials/Barracks_a.mat using Guid(61fdab2438a915544b92b73275540836) Importer(815301076,1909f56bfc062723c751e8b465ee728b)  -> (artifact id: 'c2d49e5b148e31e801ed1100e543899f') in 0.191219 seconds 
========================================================================
Received Import Request.
  Time since last request: 0.000015 seconds.
  path: Assets/SimpleMilitary/Materials/Office_Damaged_c.mat
  artifactKey: Guid(a901c4b0d357b994780c149d2f43878c) Importer(815301076,1909f56bfc062723c751e8b465ee728b)
Start importing Assets/SimpleMilitary/Materials/Office_Damaged_c.mat using Guid(a901c4b0d357b994780c149d2f43878c) Importer(815301076,1909f56bfc062723c751e8b465ee728b)  -> (artifact id: '3aed772d2a82534b67ee322daf482d71') in 0.190364 seconds 
========================================================================
Received Import Request.
  Time since last request: 0.000020 seconds.
  path: Packages/com.unity.searcher/Editor/Resources/FlatSkin/Font/Roboto-Regular.ttf
  artifactKey: Guid(30dc370b164eefc43b95744fc796dad0) Importer(815301076,1909f56bfc062723c751e8b465ee728b)
Start importing Packages/com.unity.searcher/Editor/Resources/FlatSkin/Font/Roboto-Regular.ttf using Guid(30dc370b164eefc43b95744fc796dad0) Importer(815301076,1909f56bfc062723c751e8b465ee728b)  -> (artifact id: 'e9158ea6ebbf88dc1599eb2ea2d6efdb') in 0.112631 seconds 
========================================================================
Received Import Request.
  Time since last request: 0.000014 seconds.
  path: Packages/com.unity.searcher/Editor/Resources/FlatSkin/Font/Roboto-BlackItalic.ttf
  artifactKey: Guid(f95147a9bab9fe649b8070170fa7ebd2) Importer(815301076,1909f56bfc062723c751e8b465ee728b)
Start importing Packages/com.unity.searcher/Editor/Resources/FlatSkin/Font/Roboto-BlackItalic.ttf using Guid(f95147a9bab9fe649b8070170fa7ebd2) Importer(815301076,1909f56bfc062723c751e8b465ee728b)  -> (artifact id: 'ff5e82c49151da709408faf8580ab932') in 0.023697 seconds 
========================================================================
Received Import Request.
  Time since last request: 0.000051 seconds.
  path: Packages/com.unity.searcher/Editor/Resources/FlatSkin/Font/Roboto-Bold.ttf
  artifactKey: Guid(3750c318f40cab44a97d3a81beaefeb3) Importer(815301076,1909f56bfc062723c751e8b465ee728b)
Start importing Packages/com.unity.searcher/Editor/Resources/FlatSkin/Font/Roboto-Bold.ttf using Guid(3750c318f40cab44a97d3a81beaefeb3) Importer(815301076,1909f56bfc062723c751e8b465ee728b)  -> (artifact id: '0177fb7337ad11b7de2bade6786d1750') in 0.071466 seconds 
========================================================================
Received Import Request.
  Time since last request: 0.000014 seconds.
  path: Assets/SimpleMilitary/Materials/Fuel_Tank.mat
  artifactKey: Guid(30976d4c29467f7429494561af5cea6b) Importer(815301076,1909f56bfc062723c751e8b465ee728b)
Start importing Assets/SimpleMilitary/Materials/Fuel_Tank.mat using Guid(30976d4c29467f7429494561af5cea6b) Importer(815301076,1909f56bfc062723c751e8b465ee728b)  -> (artifact id: 'dafce6a7722d7a9ea89c50f65595ac26') in 0.258220 seconds 
========================================================================
Received Import Request.
  Time since last request: 0.000020 seconds.
  path: Packages/com.unity.searcher/Editor/Resources/FlatSkin/Font/Roboto-Italic.ttf
  artifactKey: Guid(c839255fc8f6b4b4d90bf8c1af9f9bd1) Importer(815301076,1909f56bfc062723c751e8b465ee728b)
Start importing Packages/com.unity.searcher/Editor/Resources/FlatSkin/Font/Roboto-Italic.ttf using Guid(c839255fc8f6b4b4d90bf8c1af9f9bd1) Importer(815301076,1909f56bfc062723c751e8b465ee728b)  -> (artifact id: '896e96db91f5087c70286a90d4cab994') in 0.069418 seconds 
========================================================================
Received Import Request.
  Time since last request: 0.000014 seconds.
  path: Packages/com.unity.searcher/Editor/Resources/FlatSkin/Font/Roboto-ThinItalic.ttf
  artifactKey: Guid(b2ea3b3f1765e544b9eb5bd1a93a91ce) Importer(815301076,1909f56bfc062723c751e8b465ee728b)
Start importing Packages/com.unity.searcher/Editor/Resources/FlatSkin/Font/Roboto-ThinItalic.ttf using Guid(b2ea3b3f1765e544b9eb5bd1a93a91ce) Importer(815301076,1909f56bfc062723c751e8b465ee728b)  -> (artifact id: '099d86d920b7aed5536ff0e31d8988e7') in 0.041937 seconds 
========================================================================
Received Import Request.
  Time since last request: 0.000014 seconds.
  path: Assets/SimpleMilitary/Materials/Dirt_Box.mat
  artifactKey: Guid(65bc977ba7cd6a341b116b2cda14e86c) Importer(815301076,1909f56bfc062723c751e8b465ee728b)
Start importing Assets/SimpleMilitary/Materials/Dirt_Box.mat using Guid(65bc977ba7cd6a341b116b2cda14e86c) Importer(815301076,1909f56bfc062723c751e8b465ee728b)  -> (artifact id: '9f7e6a1ba5580d4a9049646993840f38') in 0.163001 seconds 
========================================================================
Received Import Request.
  Time since last request: 0.000017 seconds.
  path: Assets/SimpleMilitary/Materials/Mud_Hut.mat
  artifactKey: Guid(005f2f09f8a1bb4478417218dc1d2648) Importer(815301076,1909f56bfc062723c751e8b465ee728b)
Start importing Assets/SimpleMilitary/Materials/Mud_Hut.mat using Guid(005f2f09f8a1bb4478417218dc1d2648) Importer(815301076,1909f56bfc062723c751e8b465ee728b)  -> (artifact id: '27deaae92c39acee62e9387088d42168') in 0.201025 seconds 
========================================================================
Received Import Request.
  Time since last request: 0.000018 seconds.
  path: Assets/SimpleMilitary/Materials/Barracks_c.mat
  artifactKey: Guid(ec30f86423fb94145bc622986e32900e) Importer(815301076,1909f56bfc062723c751e8b465ee728b)
Start importing Assets/SimpleMilitary/Materials/Barracks_c.mat using Guid(ec30f86423fb94145bc622986e32900e) Importer(815301076,1909f56bfc062723c751e8b465ee728b)  -> (artifact id: '45947e6eb738bf479dadde4ff7113246') in 0.202560 seconds 
========================================================================
Received Import Request.
  Time since last request: 0.000026 seconds.
  path: Packages/com.unity.searcher/Editor/Resources/FlatSkin/Font/Roboto-LightItalic.ttf
  artifactKey: Guid(5e63515167650a541b309ba3bfd4db3d) Importer(815301076,1909f56bfc062723c751e8b465ee728b)
Start importing Packages/com.unity.searcher/Editor/Resources/FlatSkin/Font/Roboto-LightItalic.ttf using Guid(5e63515167650a541b309ba3bfd4db3d) Importer(815301076,1909f56bfc062723c751e8b465ee728b)  -> (artifact id: '71236c97e6dffeb21ab94ea801afc476') in 0.098724 seconds 
========================================================================
Received Import Request.
  Time since last request: 1.116637 seconds.
  path: Assets/SimpleMilitary/Materials/road_Dirt.mat
  artifactKey: Guid(fb672db2ef591bc43897ebd1930097bd) Importer(815301076,1909f56bfc062723c751e8b465ee728b)
Start importing Assets/SimpleMilitary/Materials/road_Dirt.mat using Guid(fb672db2ef591bc43897ebd1930097bd) Importer(815301076,1909f56bfc062723c751e8b465ee728b)  -> (artifact id: 'efd5e7883c927ebea0f6ac3dad3151d8') in 0.173812 seconds 
========================================================================
Received Import Request.
  Time since last request: 0.000024 seconds.
  path: Assets/SimpleMilitary/Materials/SimpleMilitary_BombDisposal_Brown.mat
  artifactKey: Guid(946f66e2111e49945a15cf08663fad4b) Importer(815301076,1909f56bfc062723c751e8b465ee728b)
Start importing Assets/SimpleMilitary/Materials/SimpleMilitary_BombDisposal_Brown.mat using Guid(946f66e2111e49945a15cf08663fad4b) Importer(815301076,1909f56bfc062723c751e8b465ee728b)  -> (artifact id: '078090e53c3d1f23d1e7bb71f4f4fcd6') in 0.281934 seconds 
========================================================================
Received Import Request.
  Time since last request: 4.980276 seconds.
  path: Assets/SimpleMilitary/Materials/SimpleMilitary_EasternSoldier_White.mat
  artifactKey: Guid(eb19dd9720a99ed459ed493a598abf10) Importer(815301076,1909f56bfc062723c751e8b465ee728b)
Start importing Assets/SimpleMilitary/Materials/SimpleMilitary_EasternSoldier_White.mat using Guid(eb19dd9720a99ed459ed493a598abf10) Importer(815301076,1909f56bfc062723c751e8b465ee728b)  -> (artifact id: '2c0fb499bfab3a953df89eeae5e9502c') in 0.244479 seconds 
========================================================================
Received Import Request.
  Time since last request: 0.000016 seconds.
  path: Assets/SimpleMilitary/Materials/SimpleMilitary_Soldier01_White.mat
  artifactKey: Guid(6f4190d04f9f10a45a9b406180c1d1f8) Importer(815301076,1909f56bfc062723c751e8b465ee728b)
Start importing Assets/SimpleMilitary/Materials/SimpleMilitary_Soldier01_White.mat using Guid(6f4190d04f9f10a45a9b406180c1d1f8) Importer(815301076,1909f56bfc062723c751e8b465ee728b)  -> (artifact id: '6ec990ed3fe0a73947d0b775acaa5a6c') in 0.221963 seconds 
========================================================================
Received Import Request.
  Time since last request: 0.000016 seconds.
  path: Assets/SimpleMilitary/Materials/SimpleMilitary_Soldier01_Brown.mat
  artifactKey: Guid(316113dc6ddf2a6469a087d771f1383d) Importer(815301076,1909f56bfc062723c751e8b465ee728b)
Start importing Assets/SimpleMilitary/Materials/SimpleMilitary_Soldier01_Brown.mat using Guid(316113dc6ddf2a6469a087d771f1383d) Importer(815301076,1909f56bfc062723c751e8b465ee728b)  -> (artifact id: '8ae326991748a13b083bb00437c3bfb7') in 0.178970 seconds 
========================================================================
Received Import Request.
  Time since last request: 0.000013 seconds.
  path: Assets/SimpleMilitary/Materials/SimpleMilitary_Pilot_White.mat
  artifactKey: Guid(9ebda7ea8cfa7024785132e4e4994a8d) Importer(815301076,1909f56bfc062723c751e8b465ee728b)
Start importing Assets/SimpleMilitary/Materials/SimpleMilitary_Pilot_White.mat using Guid(9ebda7ea8cfa7024785132e4e4994a8d) Importer(815301076,1909f56bfc062723c751e8b465ee728b)  -> (artifact id: '69bbd0b5e91e18995e3141f8c4f5940e') in 0.161044 seconds 
========================================================================
Received Import Request.
  Time since last request: 0.000052 seconds.
  path: Assets/SimpleMilitary/Materials/SimpleMilitary_Terrorist02_White.mat
  artifactKey: Guid(3db0ad34cdb327d48ac4162683eac3f8) Importer(815301076,1909f56bfc062723c751e8b465ee728b)
Start importing Assets/SimpleMilitary/Materials/SimpleMilitary_Terrorist02_White.mat using Guid(3db0ad34cdb327d48ac4162683eac3f8) Importer(815301076,1909f56bfc062723c751e8b465ee728b)  -> (artifact id: 'e449ef9c7a3207d2375b401b530c6103') in 0.198246 seconds 
========================================================================
Received Import Request.
  Time since last request: 0.000020 seconds.
  path: Assets/SimpleMilitary/Materials/SimpleMilitary_Weapon_SubMachineGun.mat
  artifactKey: Guid(dbd4614ae4fc4f74f9cd889010dd8abe) Importer(815301076,1909f56bfc062723c751e8b465ee728b)
Start importing Assets/SimpleMilitary/Materials/SimpleMilitary_Weapon_SubMachineGun.mat using Guid(dbd4614ae4fc4f74f9cd889010dd8abe) Importer(815301076,1909f56bfc062723c751e8b465ee728b)  -> (artifact id: '90f60a7ddb311ce04cae9002fea92db5') in 0.272207 seconds 
========================================================================
Received Import Request.
  Time since last request: 0.000020 seconds.
  path: Assets/SimpleMilitary/Materials/Tent.mat
  artifactKey: Guid(935814872add8dd47b26fb757083609e) Importer(815301076,1909f56bfc062723c751e8b465ee728b)
Start importing Assets/SimpleMilitary/Materials/Tent.mat using Guid(935814872add8dd47b26fb757083609e) Importer(815301076,1909f56bfc062723c751e8b465ee728b)  -> (artifact id: 'f9db577beae72a7d06d3c2e86cea228d') in 0.216202 seconds 
========================================================================
Received Import Request.
  Time since last request: 0.000019 seconds.
  path: Assets/SimpleMilitary/Materials/SimpleMilitary_Weapon_RPG.mat
  artifactKey: Guid(beba35ae8fbf08f4bbbff4e01033b860) Importer(815301076,1909f56bfc062723c751e8b465ee728b)
Start importing Assets/SimpleMilitary/Materials/SimpleMilitary_Weapon_RPG.mat using Guid(beba35ae8fbf08f4bbbff4e01033b860) Importer(815301076,1909f56bfc062723c751e8b465ee728b)  -> (artifact id: 'f90d951502a719a2400925f595905d33') in 0.127680 seconds 
========================================================================
Received Import Request.
  Time since last request: 0.000015 seconds.
  path: Assets/SimpleMilitary/Materials/Weapons_AssultRifle01.mat
  artifactKey: Guid(2de7c05a44c43f0408353da556a01294) Importer(815301076,1909f56bfc062723c751e8b465ee728b)
Start importing Assets/SimpleMilitary/Materials/Weapons_AssultRifle01.mat using Guid(2de7c05a44c43f0408353da556a01294) Importer(815301076,1909f56bfc062723c751e8b465ee728b)  -> (artifact id: '904037e5c3e2134bd234a57cea16c3a0') in 0.176028 seconds 
========================================================================
Received Import Request.
  Time since last request: 0.000030 seconds.
  path: Assets/SimpleMilitary/Materials/SimpleMilitary_Pilot_Black.mat
  artifactKey: Guid(1128dc1931894364ca1606a9e545681b) Importer(815301076,1909f56bfc062723c751e8b465ee728b)
Start importing Assets/SimpleMilitary/Materials/SimpleMilitary_Pilot_Black.mat using Guid(1128dc1931894364ca1606a9e545681b) Importer(815301076,1909f56bfc062723c751e8b465ee728b)  -> (artifact id: '86776aab2b5554440592315c07fa0fd9') in 0.162915 seconds 
========================================================================
Received Import Request.
  Time since last request: 0.000021 seconds.
  path: Assets/SimpleMilitary/Materials/SimpleMilitary_SpecialForces04_White.mat
  artifactKey: Guid(a1ac2904bf4a10440ae2b6e3385bb14a) Importer(815301076,1909f56bfc062723c751e8b465ee728b)
Start importing Assets/SimpleMilitary/Materials/SimpleMilitary_SpecialForces04_White.mat using Guid(a1ac2904bf4a10440ae2b6e3385bb14a) Importer(815301076,1909f56bfc062723c751e8b465ee728b)  -> (artifact id: '8a4df52b5056f12dafe5b4e534c34948') in 0.139733 seconds 
========================================================================
Received Import Request.
  Time since last request: 0.000030 seconds.
  path: Assets/SimpleMilitary/Materials/SimpleMilitary_Terrorist01_White.mat
  artifactKey: Guid(b4dc3f74967522b4194efde43875ca64) Importer(815301076,1909f56bfc062723c751e8b465ee728b)
Start importing Assets/SimpleMilitary/Materials/SimpleMilitary_Terrorist01_White.mat using Guid(b4dc3f74967522b4194efde43875ca64) Importer(815301076,1909f56bfc062723c751e8b465ee728b)  -> (artifact id: '53a679277ca4ccf3bd5510d686354abf') in 0.153064 seconds 
========================================================================
Received Import Request.
  Time since last request: 0.000018 seconds.
  path: Assets/SimpleMilitary/Materials/Weapons_Rifle.mat
  artifactKey: Guid(9aa5d6b55a235254f8122d8aef5e787d) Importer(815301076,1909f56bfc062723c751e8b465ee728b)
Start importing Assets/SimpleMilitary/Materials/Weapons_Rifle.mat using Guid(9aa5d6b55a235254f8122d8aef5e787d) Importer(815301076,1909f56bfc062723c751e8b465ee728b)  -> (artifact id: 'c6361336a4a7367e449630daa8d23f22') in 0.110411 seconds 
========================================================================
Received Import Request.
  Time since last request: 0.000023 seconds.
  path: Assets/SimpleMilitary/Materials/Tank_01_a.mat
  artifactKey: Guid(3c004974dd6d0d94bbc7f476ecf8b486) Importer(815301076,1909f56bfc062723c751e8b465ee728b)
Start importing Assets/SimpleMilitary/Materials/Tank_01_a.mat using Guid(3c004974dd6d0d94bbc7f476ecf8b486) Importer(815301076,1909f56bfc062723c751e8b465ee728b)  -> (artifact id: '06c61e1bfde7c1a25425b072de69e926') in 0.224478 seconds 
========================================================================
Received Import Request.
  Time since last request: 0.000018 seconds.
  path: Assets/SimpleMilitary/Materials/SimpleMilitary_Weapon_MiniGun.mat
  artifactKey: Guid(3d72f6fc45a43c0458db4fc8f3edd111) Importer(815301076,1909f56bfc062723c751e8b465ee728b)
Start importing Assets/SimpleMilitary/Materials/SimpleMilitary_Weapon_MiniGun.mat using Guid(3d72f6fc45a43c0458db4fc8f3edd111) Importer(815301076,1909f56bfc062723c751e8b465ee728b)  -> (artifact id: 'ae768f725e543f800f0dedc12c76ff14') in 0.078674 seconds 
========================================================================
Received Import Request.
  Time since last request: 0.000023 seconds.
  path: Assets/SimpleMilitary/Materials/SimpleMilitary_Weapon_Shotgun.mat
  artifactKey: Guid(c9590457bc0f3ee438fa26879d758c02) Importer(815301076,1909f56bfc062723c751e8b465ee728b)
Start importing Assets/SimpleMilitary/Materials/SimpleMilitary_Weapon_Shotgun.mat using Guid(c9590457bc0f3ee438fa26879d758c02) Importer(815301076,1909f56bfc062723c751e8b465ee728b)  -> (artifact id: 'bcd093b19313d36983f0a3c29f0e5183') in 0.141399 seconds 
========================================================================
Received Import Request.
  Time since last request: 0.000018 seconds.
  path: Assets/SimpleMilitary/Materials/SimpleMilitary_Weapon_Pistol.mat
  artifactKey: Guid(b9da67a308718144f8b9f78f792f4193) Importer(815301076,1909f56bfc062723c751e8b465ee728b)
Start importing Assets/SimpleMilitary/Materials/SimpleMilitary_Weapon_Pistol.mat using Guid(b9da67a308718144f8b9f78f792f4193) Importer(815301076,1909f56bfc062723c751e8b465ee728b)  -> (artifact id: 'eae8e78486b2570f778eb3e2d84429cc') in 0.058356 seconds 
========================================================================
Received Import Request.
  Time since last request: 0.000038 seconds.
  path: Assets/SimpleMilitary/Materials/SimpleMilitary_Pilot_Brown.mat
  artifactKey: Guid(afdfcb10e34596a4baf61d584be2b29a) Importer(815301076,1909f56bfc062723c751e8b465ee728b)
Start importing Assets/SimpleMilitary/Materials/SimpleMilitary_Pilot_Brown.mat using Guid(afdfcb10e34596a4baf61d584be2b29a) Importer(815301076,1909f56bfc062723c751e8b465ee728b)  -> (artifact id: '6c150bc27f8142dfecbdc8eccc5ebc3d') in 0.142860 seconds 
========================================================================
Received Import Request.
  Time since last request: 0.000027 seconds.
  path: Assets/SimpleMilitary/Materials/SimpleMilitary_General_Black.mat
  artifactKey: Guid(c486edff2f88e024bb0460969d6c49c2) Importer(815301076,1909f56bfc062723c751e8b465ee728b)
Start importing Assets/SimpleMilitary/Materials/SimpleMilitary_General_Black.mat using Guid(c486edff2f88e024bb0460969d6c49c2) Importer(815301076,1909f56bfc062723c751e8b465ee728b)  -> (artifact id: '5ce71b5b38c625bea9e50eccfcf34efd') in 0.235839 seconds 
========================================================================
Received Import Request.
  Time since last request: 0.000019 seconds.
  path: Assets/SimpleMilitary/Materials/SimpleMilitary_General_Brown.mat
  artifactKey: Guid(fdcb06a5dba0df542aa8d32fd1f9c28b) Importer(815301076,1909f56bfc062723c751e8b465ee728b)
Start importing Assets/SimpleMilitary/Materials/SimpleMilitary_General_Brown.mat using Guid(fdcb06a5dba0df542aa8d32fd1f9c28b) Importer(815301076,1909f56bfc062723c751e8b465ee728b)  -> (artifact id: '529035a544c0913d47aba6bf303d636d') in 0.118021 seconds 
========================================================================
Received Import Request.
  Time since last request: 0.000021 seconds.
  path: Assets/SimpleMilitary/Materials/SimpleMilitary_SpecialForces04_Brown.mat
  artifactKey: Guid(f93153a137ab9004387e467e36fb3c47) Importer(815301076,1909f56bfc062723c751e8b465ee728b)
Start importing Assets/SimpleMilitary/Materials/SimpleMilitary_SpecialForces04_Brown.mat using Guid(f93153a137ab9004387e467e36fb3c47) Importer(815301076,1909f56bfc062723c751e8b465ee728b)  -> (artifact id: 'e76aff7ae2d1b9386ba4ccb8194636a7') in 0.108040 seconds 
========================================================================
Received Import Request.
  Time since last request: 0.000028 seconds.
  path: Assets/SimpleMilitary/Materials/SimpleMilitary_JungleCommando_Brown.mat
  artifactKey: Guid(0fbed8c615caf1c43ba12ab4ef4ee12e) Importer(815301076,1909f56bfc062723c751e8b465ee728b)
Start importing Assets/SimpleMilitary/Materials/SimpleMilitary_JungleCommando_Brown.mat using Guid(0fbed8c615caf1c43ba12ab4ef4ee12e) Importer(815301076,1909f56bfc062723c751e8b465ee728b)  -> (artifact id: '889eb6e06b3dc11e908b844d7420fd71') in 0.163426 seconds 
========================================================================
Received Import Request.
  Time since last request: 0.000016 seconds.
  path: Assets/SimpleMilitary/Materials/SimpleMilitary_SpecialForces01_Brown.mat
  artifactKey: Guid(d3d1df96df44db649b473953b40e799a) Importer(815301076,1909f56bfc062723c751e8b465ee728b)
Start importing Assets/SimpleMilitary/Materials/SimpleMilitary_SpecialForces01_Brown.mat using Guid(d3d1df96df44db649b473953b40e799a) Importer(815301076,1909f56bfc062723c751e8b465ee728b)  -> (artifact id: 'b0a6eae1b54cc7154bd6776646a3b603') in 0.146135 seconds 
========================================================================
Received Import Request.
  Time since last request: 0.000019 seconds.
  path: Assets/SimpleMilitary/Materials/SimpleMilitary_Weapon_Grenades.mat
  artifactKey: Guid(5d59da2f284dabb4c9414332e0450fa4) Importer(815301076,1909f56bfc062723c751e8b465ee728b)
Start importing Assets/SimpleMilitary/Materials/SimpleMilitary_Weapon_Grenades.mat using Guid(5d59da2f284dabb4c9414332e0450fa4) Importer(815301076,1909f56bfc062723c751e8b465ee728b)  -> (artifact id: '5f79a920b712a6e2f66ff4b1f569c708') in 0.029317 seconds 
========================================================================
Received Import Request.
  Time since last request: 0.000016 seconds.
  path: Assets/SimpleMilitary/Materials/SimpleMilitary_TrainingSoldier_Brown.mat
  artifactKey: Guid(2d0f7efb7eaf36f45be7e1312b7e12a0) Importer(815301076,1909f56bfc062723c751e8b465ee728b)
Start importing Assets/SimpleMilitary/Materials/SimpleMilitary_TrainingSoldier_Brown.mat using Guid(2d0f7efb7eaf36f45be7e1312b7e12a0) Importer(815301076,1909f56bfc062723c751e8b465ee728b)  -> (artifact id: '536cf58afc3bb6700744ecd5e8afd695') in 0.174276 seconds 
========================================================================
Received Import Request.
  Time since last request: 0.000017 seconds.
  path: Assets/SimpleMilitary/Materials/SimpleMilitary_Mercenary_Black.mat
  artifactKey: Guid(c4a2648e826e7e144adbf6c2607d9bf3) Importer(815301076,1909f56bfc062723c751e8b465ee728b)
Start importing Assets/SimpleMilitary/Materials/SimpleMilitary_Mercenary_Black.mat using Guid(c4a2648e826e7e144adbf6c2607d9bf3) Importer(815301076,1909f56bfc062723c751e8b465ee728b)  -> (artifact id: '0d8716ca85d418d6fca436fb042a13fa') in 0.127559 seconds 
========================================================================
Received Import Request.
  Time since last request: 0.000024 seconds.
  path: Assets/SimpleMilitary/Materials/SimpleMilitary_SpecialForces04_Black.mat
  artifactKey: Guid(530934f0468c85e49ad34f23d8d7c29d) Importer(815301076,1909f56bfc062723c751e8b465ee728b)
Start importing Assets/SimpleMilitary/Materials/SimpleMilitary_SpecialForces04_Black.mat using Guid(530934f0468c85e49ad34f23d8d7c29d) Importer(815301076,1909f56bfc062723c751e8b465ee728b)  -> (artifact id: '00f1199b122f2bb8b6b97874c14a859a') in 0.153084 seconds 
========================================================================
Received Import Request.
  Time since last request: 0.000022 seconds.
  path: Assets/SimpleMilitary/Materials/SimpleMilitary_SpecialForces01_Black.mat
  artifactKey: Guid(cd39598ef4365c048b8d2e18754e0ac8) Importer(815301076,1909f56bfc062723c751e8b465ee728b)
Start importing Assets/SimpleMilitary/Materials/SimpleMilitary_SpecialForces01_Black.mat using Guid(cd39598ef4365c048b8d2e18754e0ac8) Importer(815301076,1909f56bfc062723c751e8b465ee728b)  -> (artifact id: 'ad7bd24f063f35463e01f1810458920d') in 0.161170 seconds 
========================================================================
Received Import Request.
  Time since last request: 0.000016 seconds.
  path: Assets/SimpleMilitary/Materials/SimpleMilitary_GasMaskSoldier_Brown.mat
  artifactKey: Guid(c820b32a538c4d74da8a0c87c61355ca) Importer(815301076,1909f56bfc062723c751e8b465ee728b)
Start importing Assets/SimpleMilitary/Materials/SimpleMilitary_GasMaskSoldier_Brown.mat using Guid(c820b32a538c4d74da8a0c87c61355ca) Importer(815301076,1909f56bfc062723c751e8b465ee728b)  -> (artifact id: 'bffdda1e49c6bb2fe78a5137c5db8aaf') in 0.139453 seconds 
========================================================================
Received Import Request.
  Time since last request: 0.000019 seconds.
  path: Assets/SimpleMilitary/Materials/Troop_Car_a.mat
  artifactKey: Guid(8cb6784b8e51dc44ebb6ba9bd5670e7b) Importer(815301076,1909f56bfc062723c751e8b465ee728b)
Start importing Assets/SimpleMilitary/Materials/Troop_Car_a.mat using Guid(8cb6784b8e51dc44ebb6ba9bd5670e7b) Importer(815301076,1909f56bfc062723c751e8b465ee728b)  -> (artifact id: '89407f81954639b7db7f2c698d1e1c31') in 0.188946 seconds 
========================================================================
Received Import Request.
  Time since last request: 0.000015 seconds.
  path: Assets/SimpleMilitary/Materials/SimpleMilitary_Medic_Brown.mat
  artifactKey: Guid(a9135893891120e4bb47e94097718678) Importer(815301076,1909f56bfc062723c751e8b465ee728b)
Start importing Assets/SimpleMilitary/Materials/SimpleMilitary_Medic_Brown.mat using Guid(a9135893891120e4bb47e94097718678) Importer(815301076,1909f56bfc062723c751e8b465ee728b)  -> (artifact id: '130c3af9efd8dca3d026bb7d9a7de38b') in 0.166798 seconds 
Editor requested this worker to shutdown with reason: Scaling down because of idle timeout
AssetImportWorker is now disconnected from the server
Process exiting
Exiting without the bug reporter. Application will terminate with return code 0